[ 2015-12-31T14:32:31+08:00 ] 127.0.0.1 /
INFO: [ app_init ] --START--
INFO: Run Behavior\BuildLiteBehavior [ RunTime:0.000006s ]
INFO: [ app_init ] --END-- [ RunTime:0.000219s ]
INFO: [ app_begin ] --START--
INFO: Run Behavior\ReadHtmlCacheBehavior [ RunTime:0.000245s ]
INFO: [ app_begin ] --END-- [ RunTime:0.000270s ]

[ 2015-12-31T14:32:31+08:00 ] 127.0.0.1 /index.php?m=Admin&c=Index&a=login
INFO: [ app_init ] --START--
INFO: Run Behavior\BuildLiteBehavior [ RunTime:0.000007s ]
INFO: [ app_init ] --END-- [ RunTime:0.000182s ]
INFO: [ app_begin ] --START--
INFO: Run Behavior\ReadHtmlCacheBehavior [ RunTime:0.000222s ]
INFO: [ app_begin ] --END-- [ RunTime:0.000248s ]
INFO: [ view_parse ] --START--
INFO: [ template_filter ] --START--
INFO: Run Behavior\ContentReplaceBehavior [ RunTime:0.000040s ]
INFO: [ template_filter ] --END-- [ RunTime:0.000067s ]
INFO: Run Behavior\ParseTemplateBehavior [ RunTime:0.007461s ]
INFO: [ view_parse ] --END-- [ RunTime:0.007486s ]
INFO: [ view_filter ] --START--
INFO: Run Behavior\WriteHtmlCacheBehavior [ RunTime:0.000154s ]
INFO: [ view_filter ] --END-- [ RunTime:0.000173s ]
INFO: [ app_end ] --START--
INFO: Run Behavior\ShowPageTraceBehavior [ RunTime:0.000273s ]
INFO: [ app_end ] --END-- [ RunTime:0.000294s ]

[ 2015-12-31T14:32:39+08:00 ] 127.0.0.1 /index.php/Admin/Index/check_login
INFO: [ app_init ] --START--
INFO: Run Behavior\BuildLiteBehavior [ RunTime:0.000007s ]
INFO: [ app_init ] --END-- [ RunTime:0.000191s ]
INFO: [ app_begin ] --START--
INFO: Run Behavior\ReadHtmlCacheBehavior [ RunTime:0.000228s ]
INFO: [ app_begin ] --END-- [ RunTime:0.000255s ]
SQL: SHOW COLUMNS FROM `taobao_admin` [ RunTime:0.3587s ]
SQL: SELECT * FROM `taobao_admin` WHERE `username` = 'admin' AND `userpwd` = '21232f297a57a5a743894a0e4a801fc3' LIMIT 1   [ RunTime:0.0009s ]

[ 2015-12-31T14:32:39+08:00 ] 127.0.0.1 /index.php?m=Admin&c=Index&a=index
INFO: [ app_init ] --START--
INFO: Run Behavior\BuildLiteBehavior [ RunTime:0.000028s ]
INFO: [ app_init ] --END-- [ RunTime:0.000962s ]
INFO: [ app_begin ] --START--
INFO: Run Behavior\ReadHtmlCacheBehavior [ RunTime:0.001011s ]
INFO: [ app_begin ] --END-- [ RunTime:0.001129s ]
SQL: SHOW COLUMNS FROM `taobao_menu` [ RunTime:0.0172s ]
SQL: SELECT * FROM `taobao_menu` WHERE `is_show` = 1 ORDER BY sort asc  [ RunTime:0.0004s ]
SQL: SELECT * FROM `taobao_menu` WHERE `controller` = 'Index' LIMIT 1   [ RunTime:0.0002s ]
SQL: SELECT * FROM `taobao_menu` WHERE `is_show` = 1 ORDER BY sort asc  [ RunTime:0.0003s ]
INFO: [ view_parse ] --START--
INFO: [ template_filter ] --START--
INFO: Run Behavior\ContentReplaceBehavior [ RunTime:0.000086s ]
INFO: [ template_filter ] --END-- [ RunTime:0.000129s ]
INFO: Run Behavior\ParseTemplateBehavior [ RunTime:0.009650s ]
INFO: [ view_parse ] --END-- [ RunTime:0.009696s ]
INFO: [ view_filter ] --START--
INFO: Run Behavior\WriteHtmlCacheBehavior [ RunTime:0.000213s ]
INFO: [ view_filter ] --END-- [ RunTime:0.000247s ]
INFO: [ app_end ] --START--
INFO: Run Behavior\ShowPageTraceBehavior [ RunTime:0.000424s ]
INFO: [ app_end ] --END-- [ RunTime:0.000461s ]

[ 2015-12-31T14:32:43+08:00 ] 127.0.0.1 /index.php?m=Admin&c=Column&a=index
INFO: [ app_init ] --START--
INFO: Run Behavior\BuildLiteBehavior [ RunTime:0.000007s ]
INFO: [ app_init ] --END-- [ RunTime:0.000192s ]
INFO: [ app_begin ] --START--
INFO: Run Behavior\ReadHtmlCacheBehavior [ RunTime:0.000228s ]
INFO: [ app_begin ] --END-- [ RunTime:0.000254s ]
SQL: SHOW COLUMNS FROM `taobao_menu` [ RunTime:0.0019s ]
SQL: SELECT * FROM `taobao_menu` WHERE `is_show` = 1 ORDER BY sort asc  [ RunTime:0.0002s ]
SQL: SELECT * FROM `taobao_menu` WHERE `controller` = 'Column' LIMIT 1   [ RunTime:0.0001s ]
SQL: SELECT * FROM `taobao_menu` WHERE `id` = 1 LIMIT 1   [ RunTime:0.0002s ]
SQL: SHOW COLUMNS FROM `taobao_column` [ RunTime:0.0617s ]
NOTIC: [8] Undefined offset: 0 D:\www\taobao\ThinkPHP\Library\Think\Model.class.php 第 222 行.
SQL: SELECT * FROM `taobao_column`  [ RunTime:0.0002s ]
INFO: [ view_parse ] --START--
INFO: [ template_filter ] --START--
INFO: Run Behavior\ContentReplaceBehavior [ RunTime:0.000068s ]
INFO: [ template_filter ] --END-- [ RunTime:0.000093s ]
INFO: Run Behavior\ParseTemplateBehavior [ RunTime:0.007048s ]
INFO: [ view_parse ] --END-- [ RunTime:0.007074s ]
INFO: [ view_filter ] --START--
INFO: Run Behavior\WriteHtmlCacheBehavior [ RunTime:0.000119s ]
INFO: [ view_filter ] --END-- [ RunTime:0.000136s ]
INFO: [ app_end ] --START--
INFO: Run Behavior\ShowPageTraceBehavior [ RunTime:0.000247s ]
INFO: [ app_end ] --END-- [ RunTime:0.000270s ]

[ 2015-12-31T14:32:49+08:00 ] 127.0.0.1 /index.php?m=Admin&c=Webset&a=one&id=1
INFO: [ app_init ] --START--
INFO: Run Behavior\BuildLiteBehavior [ RunTime:0.000008s ]
INFO: [ app_init ] --END-- [ RunTime:0.000196s ]
INFO: [ app_begin ] --START--
INFO: Run Behavior\ReadHtmlCacheBehavior [ RunTime:0.000231s ]
INFO: [ app_begin ] --END-- [ RunTime:0.000258s ]
SQL: SHOW COLUMNS FROM `taobao_menu` [ RunTime:0.0025s ]
SQL: SELECT * FROM `taobao_menu` WHERE `is_show` = 1 ORDER BY sort asc  [ RunTime:0.0002s ]
SQL: SELECT * FROM `taobao_menu` WHERE `controller` = 'Webset' LIMIT 1   [ RunTime:0.0001s ]
SQL: SELECT * FROM `taobao_menu` WHERE `id` = 1 LIMIT 1   [ RunTime:0.0001s ]
SQL: SHOW COLUMNS FROM `taobao_webset` [ RunTime:0.1081s ]
SQL: SELECT * FROM `taobao_webset` WHERE `id` = 1 LIMIT 1   [ RunTime:0.0002s ]
INFO: [ view_parse ] --START--
INFO: [ template_filter ] --START--
INFO: Run Behavior\ContentReplaceBehavior [ RunTime:0.000061s ]
INFO: [ template_filter ] --END-- [ RunTime:0.000088s ]
INFO: Run Behavior\ParseTemplateBehavior [ RunTime:0.005482s ]
INFO: [ view_parse ] --END-- [ RunTime:0.005511s ]
INFO: [ view_filter ] --START--
INFO: Run Behavior\WriteHtmlCacheBehavior [ RunTime:0.000124s ]
INFO: [ view_filter ] --END-- [ RunTime:0.000144s ]
INFO: [ app_end ] --START--
INFO: Run Behavior\ShowPageTraceBehavior [ RunTime:0.000248s ]
INFO: [ app_end ] --END-- [ RunTime:0.000271s ]

[ 2015-12-31T14:32:52+08:00 ] 127.0.0.1 /index.php?m=Admin&c=Shop&a=index
INFO: [ app_init ] --START--
INFO: Run Behavior\BuildLiteBehavior [ RunTime:0.000008s ]
INFO: [ app_init ] --END-- [ RunTime:0.000199s ]
INFO: [ app_begin ] --START--
INFO: Run Behavior\ReadHtmlCacheBehavior [ RunTime:0.000242s ]
INFO: [ app_begin ] --END-- [ RunTime:0.000269s ]
SQL: SHOW COLUMNS FROM `taobao_menu` [ RunTime:0.0018s ]
SQL: SELECT * FROM `taobao_menu` WHERE `is_show` = 1 ORDER BY sort asc  [ RunTime:0.0002s ]
SQL: SELECT * FROM `taobao_menu` WHERE `controller` = 'Shop' LIMIT 1   [ RunTime:0.0001s ]
SQL: SELECT * FROM `taobao_menu` WHERE `id` = 1 LIMIT 1   [ RunTime:0.0001s ]
SQL: SHOW COLUMNS FROM `taobao_shop` [ RunTime:0.0467s ]
SQL: SELECT COUNT(*) AS tp_count FROM `taobao_shop` LIMIT 1   [ RunTime:0.0004s ]
SQL: SELECT * FROM `taobao_shop` ORDER BY id desc LIMIT 0,25   [ RunTime:0.0002s ]
INFO: [ view_parse ] --START--
INFO: [ template_filter ] --START--
INFO: Run Behavior\ContentReplaceBehavior [ RunTime:0.000063s ]
INFO: [ template_filter ] --END-- [ RunTime:0.000090s ]
INFO: Run Behavior\ParseTemplateBehavior [ RunTime:0.006168s ]
INFO: [ view_parse ] --END-- [ RunTime:0.006194s ]
INFO: [ view_filter ] --START--
INFO: Run Behavior\WriteHtmlCacheBehavior [ RunTime:0.000114s ]
INFO: [ view_filter ] --END-- [ RunTime:0.000132s ]
INFO: [ app_end ] --START--
INFO: Run Behavior\ShowPageTraceBehavior [ RunTime:0.000230s ]
INFO: [ app_end ] --END-- [ RunTime:0.000249s ]

[ 2015-12-31T14:32:53+08:00 ] 127.0.0.1 /index.php/Admin/Shop/one
INFO: [ app_init ] --START--
INFO: Run Behavior\BuildLiteBehavior [ RunTime:0.000008s ]
INFO: [ app_init ] --END-- [ RunTime:0.000201s ]
INFO: [ app_begin ] --START--
INFO: Run Behavior\ReadHtmlCacheBehavior [ RunTime:0.000235s ]
INFO: [ app_begin ] --END-- [ RunTime:0.000262s ]
SQL: SHOW COLUMNS FROM `taobao_menu` [ RunTime:0.0017s ]
SQL: SELECT * FROM `taobao_menu` WHERE `is_show` = 1 ORDER BY sort asc  [ RunTime:0.0002s ]
SQL: SELECT * FROM `taobao_menu` WHERE `controller` = 'Shop' LIMIT 1   [ RunTime:0.0001s ]
SQL: SELECT * FROM `taobao_menu` WHERE `id` = 1 LIMIT 1   [ RunTime:0.0001s ]
SQL: SHOW COLUMNS FROM `taobao_shop` [ RunTime:0.0017s ]
NOTIC: [8] Undefined index: id D:\www\taobao\Application\Admin\Controller\CareController.class.php 第 65 行.
INFO: [ view_parse ] --START--
INFO: [ template_filter ] --START--
INFO: Run Behavior\ContentReplaceBehavior [ RunTime:0.000091s ]
INFO: [ template_filter ] --END-- [ RunTime:0.000119s ]
NOTIC: [8] Undefined variable: one D:\www\taobao\Application\Runtime\Cache\Admin\e3d713296c2036b6989e33e15cea3fcd.php 第 74 行.
NOTIC: [8] Undefined variable: one D:\www\taobao\Application\Runtime\Cache\Admin\e3d713296c2036b6989e33e15cea3fcd.php 第 78 行.
SQL: SHOW COLUMNS FROM `taobao_column` [ RunTime:0.0018s ]
SQL: SELECT * FROM `taobao_column` WHERE `sid` = 0  [ RunTime:0.0002s ]
SQL: SELECT * FROM `taobao_column` WHERE `sid` = 1  [ RunTime:0.0001s ]
NOTIC: [8] Undefined variable: one D:\www\taobao\Application\Runtime\Cache\Admin\e3d713296c2036b6989e33e15cea3fcd.php 第 94 行.
SQL: SELECT * FROM `taobao_column` WHERE `sid` = 2  [ RunTime:0.0001s ]
SQL: SELECT * FROM `taobao_column` WHERE `sid` = 3  [ RunTime:0.0001s ]
SQL: SELECT * FROM `taobao_column` WHERE `sid` = 4  [ RunTime:0.0001s ]
SQL: SELECT * FROM `taobao_column` WHERE `sid` = 5  [ RunTime:0.0001s ]
SQL: SELECT * FROM `taobao_column` WHERE `sid` = 6  [ RunTime:0.0001s ]
SQL: SELECT * FROM `taobao_column` WHERE `sid` = 7  [ RunTime:0.0001s ]
SQL: SELECT * FROM `taobao_column` WHERE `sid` = 8  [ RunTime:0.0001s ]
SQL: SELECT * FROM `taobao_column` WHERE `sid` = 9  [ RunTime:0.0001s ]
SQL: SELECT * FROM `taobao_column` WHERE `sid` = 10  [ RunTime:0.0001s ]
SQL: SELECT * FROM `taobao_column` WHERE `sid` = 11  [ RunTime:0.0001s ]
SQL: SELECT * FROM `taobao_column` WHERE `sid` = 12  [ RunTime:0.0001s ]
SQL: SELECT * FROM `taobao_column` WHERE `sid` = 13  [ RunTime:0.0001s ]
SQL: SELECT * FROM `taobao_column` WHERE `sid` = 14  [ RunTime:0.0001s ]
SQL: SELECT * FROM `taobao_column` WHERE `sid` = 15  [ RunTime:0.0001s ]
NOTIC: [8] Undefined variable: one D:\www\taobao\Application\Runtime\Cache\Admin\e3d713296c2036b6989e33e15cea3fcd.php 第 103 行.
NOTIC: [8] Undefined variable: one D:\www\taobao\Application\Runtime\Cache\Admin\e3d713296c2036b6989e33e15cea3fcd.php 第 110 行.
NOTIC: [8] Undefined variable: one D:\www\taobao\Application\Runtime\Cache\Admin\e3d713296c2036b6989e33e15cea3fcd.php 第 116 行.
NOTIC: [8] Undefined variable: one D:\www\taobao\Application\Runtime\Cache\Admin\e3d713296c2036b6989e33e15cea3fcd.php 第 122 行.
NOTIC: [8] Undefined variable: one D:\www\taobao\Application\Runtime\Cache\Admin\e3d713296c2036b6989e33e15cea3fcd.php 第 137 行.
NOTIC: [8] Undefined variable: one D:\www\taobao\Application\Runtime\Cache\Admin\e3d713296c2036b6989e33e15cea3fcd.php 第 143 行.
NOTIC: [8] Undefined variable: one D:\www\taobao\Application\Runtime\Cache\Admin\e3d713296c2036b6989e33e15cea3fcd.php 第 150 行.
INFO: Run Behavior\ParseTemplateBehavior [ RunTime:0.013076s ]
INFO: [ view_parse ] --END-- [ RunTime:0.013099s ]
INFO: [ view_filter ] --START--
INFO: Run Behavior\WriteHtmlCacheBehavior [ RunTime:0.000141s ]
INFO: [ view_filter ] --END-- [ RunTime:0.000160s ]
INFO: [ app_end ] --START--
INFO: Run Behavior\ShowPageTraceBehavior [ RunTime:0.000254s ]
INFO: [ app_end ] --END-- [ RunTime:0.000276s ]

[ 2015-12-31T14:57:58+08:00 ] 127.0.0.1 /
INFO: [ app_init ] --START--
INFO: Run Behavior\BuildLiteBehavior [ RunTime:0.000006s ]
INFO: [ app_init ] --END-- [ RunTime:0.000240s ]
INFO: [ app_begin ] --START--
INFO: Run Behavior\ReadHtmlCacheBehavior [ RunTime:0.000281s ]
INFO: [ app_begin ] --END-- [ RunTime:0.000306s ]
SQL: SHOW COLUMNS FROM `taobao_menu` [ RunTime:0.0039s ]
SQL: SELECT * FROM `taobao_menu` WHERE `is_show` = 1 ORDER BY sort asc  [ RunTime:0.0004s ]
SQL: SELECT * FROM `taobao_menu` WHERE `controller` = 'Index' LIMIT 1   [ RunTime:0.0003s ]
SQL: SELECT * FROM `taobao_menu` WHERE `is_show` = 1 ORDER BY sort asc  [ RunTime:0.0003s ]
INFO: [ view_parse ] --START--
INFO: [ template_filter ] --START--
INFO: Run Behavior\ContentReplaceBehavior [ RunTime:0.000108s ]
INFO: [ template_filter ] --END-- [ RunTime:0.000158s ]
INFO: Run Behavior\ParseTemplateBehavior [ RunTime:0.021117s ]
INFO: [ view_parse ] --END-- [ RunTime:0.021169s ]
INFO: [ view_filter ] --START--
INFO: Run Behavior\WriteHtmlCacheBehavior [ RunTime:0.000308s ]
INFO: [ view_filter ] --END-- [ RunTime:0.000347s ]
INFO: [ app_end ] --START--
INFO: Run Behavior\ShowPageTraceBehavior [ RunTime:0.000544s ]
INFO: [ app_end ] --END-- [ RunTime:0.000589s ]

[ 2015-12-31T14:58:01+08:00 ] 127.0.0.1 /index.php?m=Admin&c=Shop&a=index
INFO: [ app_init ] --START--
INFO: Run Behavior\BuildLiteBehavior [ RunTime:0.000007s ]
INFO: [ app_init ] --END-- [ RunTime:0.000192s ]
INFO: [ app_begin ] --START--
INFO: Run Behavior\ReadHtmlCacheBehavior [ RunTime:0.000229s ]
INFO: [ app_begin ] --END-- [ RunTime:0.000255s ]
SQL: SHOW COLUMNS FROM `taobao_menu` [ RunTime:0.0018s ]
SQL: SELECT * FROM `taobao_menu` WHERE `is_show` = 1 ORDER BY sort asc  [ RunTime:0.0002s ]
SQL: SELECT * FROM `taobao_menu` WHERE `controller` = 'Shop' LIMIT 1   [ RunTime:0.0001s ]
SQL: SELECT * FROM `taobao_menu` WHERE `id` = 1 LIMIT 1   [ RunTime:0.0002s ]
SQL: SHOW COLUMNS FROM `taobao_shop` [ RunTime:0.0017s ]
SQL: SELECT COUNT(*) AS tp_count FROM `taobao_shop` LIMIT 1   [ RunTime:0.0001s ]
SQL: SELECT * FROM `taobao_shop` ORDER BY id desc LIMIT 0,25   [ RunTime:0.0001s ]
INFO: [ view_parse ] --START--
INFO: [ template_filter ] --START--
INFO: Run Behavior\ContentReplaceBehavior [ RunTime:0.000068s ]
INFO: [ template_filter ] --END-- [ RunTime:0.000093s ]
INFO: Run Behavior\ParseTemplateBehavior [ RunTime:0.006091s ]
INFO: [ view_parse ] --END-- [ RunTime:0.006117s ]
INFO: [ view_filter ] --START--
INFO: Run Behavior\WriteHtmlCacheBehavior [ RunTime:0.000121s ]
INFO: [ view_filter ] --END-- [ RunTime:0.000139s ]
INFO: [ app_end ] --START--
INFO: Run Behavior\ShowPageTraceBehavior [ RunTime:0.000241s ]
INFO: [ app_end ] --END-- [ RunTime:0.000261s ]

[ 2015-12-31T14:58:02+08:00 ] 127.0.0.1 /index.php?m=Admin&c=Webset&a=one&id=1
INFO: [ app_init ] --START--
INFO: Run Behavior\BuildLiteBehavior [ RunTime:0.000007s ]
INFO: [ app_init ] --END-- [ RunTime:0.000191s ]
INFO: [ app_begin ] --START--
INFO: Run Behavior\ReadHtmlCacheBehavior [ RunTime:0.000226s ]
INFO: [ app_begin ] --END-- [ RunTime:0.000253s ]
SQL: SHOW COLUMNS FROM `taobao_menu` [ RunTime:0.0021s ]
SQL: SELECT * FROM `taobao_menu` WHERE `is_show` = 1 ORDER BY sort asc  [ RunTime:0.0003s ]
SQL: SELECT * FROM `taobao_menu` WHERE `controller` = 'Webset' LIMIT 1   [ RunTime:0.0002s ]
SQL: SELECT * FROM `taobao_menu` WHERE `id` = 1 LIMIT 1   [ RunTime:0.0001s ]
SQL: SHOW COLUMNS FROM `taobao_webset` [ RunTime:0.0016s ]
SQL: SELECT * FROM `taobao_webset` WHERE `id` = 1 LIMIT 1   [ RunTime:0.0001s ]
INFO: [ view_parse ] --START--
INFO: [ template_filter ] --START--
INFO: Run Behavior\ContentReplaceBehavior [ RunTime:0.000056s ]
INFO: [ template_filter ] --END-- [ RunTime:0.000080s ]
INFO: Run Behavior\ParseTemplateBehavior [ RunTime:0.005413s ]
INFO: [ view_parse ] --END-- [ RunTime:0.005438s ]
INFO: [ view_filter ] --START--
INFO: Run Behavior\WriteHtmlCacheBehavior [ RunTime:0.000113s ]
INFO: [ view_filter ] --END-- [ RunTime:0.000131s ]
INFO: [ app_end ] --START--
INFO: Run Behavior\ShowPageTraceBehavior [ RunTime:0.000227s ]
INFO: [ app_end ] --END-- [ RunTime:0.000248s ]

[ 2015-12-31T14:58:04+08:00 ] 127.0.0.1 /index.php?m=Admin&c=Column&a=index
INFO: [ app_init ] --START--
INFO: Run Behavior\BuildLiteBehavior [ RunTime:0.000007s ]
INFO: [ app_init ] --END-- [ RunTime:0.000192s ]
INFO: [ app_begin ] --START--
INFO: Run Behavior\ReadHtmlCacheBehavior [ RunTime:0.000231s ]
INFO: [ app_begin ] --END-- [ RunTime:0.000256s ]
SQL: SHOW COLUMNS FROM `taobao_menu` [ RunTime:0.0018s ]
SQL: SELECT * FROM `taobao_menu` WHERE `is_show` = 1 ORDER BY sort asc  [ RunTime:0.0002s ]
SQL: SELECT * FROM `taobao_menu` WHERE `controller` = 'Column' LIMIT 1   [ RunTime:0.0001s ]
SQL: SELECT * FROM `taobao_menu` WHERE `id` = 1 LIMIT 1   [ RunTime:0.0001s ]
SQL: SHOW COLUMNS FROM `taobao_column` [ RunTime:0.0016s ]
NOTIC: [8] Undefined offset: 0 D:\www\taobao\ThinkPHP\Library\Think\Model.class.php 第 222 行.
SQL: SELECT * FROM `taobao_column`  [ RunTime:0.0001s ]
INFO: [ view_parse ] --START--
INFO: [ template_filter ] --START--
INFO: Run Behavior\ContentReplaceBehavior [ RunTime:0.000069s ]
INFO: [ template_filter ] --END-- [ RunTime:0.000097s ]
INFO: Run Behavior\ParseTemplateBehavior [ RunTime:0.007069s ]
INFO: [ view_parse ] --END-- [ RunTime:0.007094s ]
INFO: [ view_filter ] --START--
INFO: Run Behavior\WriteHtmlCacheBehavior [ RunTime:0.000124s ]
INFO: [ view_filter ] --END-- [ RunTime:0.000143s ]
INFO: [ app_end ] --START--
INFO: Run Behavior\ShowPageTraceBehavior [ RunTime:0.000245s ]
INFO: [ app_end ] --END-- [ RunTime:0.000268s ]

[ 2015-12-31T14:58:09+08:00 ] 127.0.0.1 /index.php/Admin/Column/one
INFO: [ app_init ] --START--
INFO: Run Behavior\BuildLiteBehavior [ RunTime:0.000008s ]
INFO: [ app_init ] --END-- [ RunTime:0.000215s ]
INFO: [ app_begin ] --START--
INFO: Run Behavior\ReadHtmlCacheBehavior [ RunTime:0.000241s ]
INFO: [ app_begin ] --END-- [ RunTime:0.000268s ]
SQL: SHOW COLUMNS FROM `taobao_menu` [ RunTime:0.0018s ]
SQL: SELECT * FROM `taobao_menu` WHERE `is_show` = 1 ORDER BY sort asc  [ RunTime:0.0002s ]
SQL: SELECT * FROM `taobao_menu` WHERE `controller` = 'Column' LIMIT 1   [ RunTime:0.0001s ]
SQL: SELECT * FROM `taobao_menu` WHERE `id` = 1 LIMIT 1   [ RunTime:0.0001s ]
SQL: SHOW COLUMNS FROM `taobao_column` [ RunTime:0.0015s ]
NOTIC: [8] Undefined index: id D:\www\taobao\Application\Admin\Controller\CareController.class.php 第 65 行.
INFO: [ view_parse ] --START--
INFO: [ template_filter ] --START--
INFO: Run Behavior\ContentReplaceBehavior [ RunTime:0.000067s ]
INFO: [ template_filter ] --END-- [ RunTime:0.000094s ]
NOTIC: [8] Undefined variable: one D:\www\taobao\Application\Runtime\Cache\Admin\a582f4f98c3d0a0346a168816247538c.php 第 74 行.
NOTIC: [8] Undefined variable: one D:\www\taobao\Application\Runtime\Cache\Admin\a582f4f98c3d0a0346a168816247538c.php 第 78 行.
NOTIC: [8] Undefined variable: one D:\www\taobao\Application\Runtime\Cache\Admin\a582f4f98c3d0a0346a168816247538c.php 第 84 行.
NOTIC: [8] Undefined variable: one D:\www\taobao\Application\Runtime\Cache\Admin\a582f4f98c3d0a0346a168816247538c.php 第 92 行.
SQL: SELECT * FROM `taobao_column` WHERE `sid` = 0  [ RunTime:0.0002s ]
NOTIC: [8] Undefined variable: one D:\www\taobao\Application\Runtime\Cache\Admin\a582f4f98c3d0a0346a168816247538c.php 第 102 行.
NOTIC: [8] Undefined variable: one D:\www\taobao\Application\Runtime\Cache\Admin\a582f4f98c3d0a0346a168816247538c.php 第 102 行.
NOTIC: [8] Undefined variable: one D:\www\taobao\Application\Runtime\Cache\Admin\a582f4f98c3d0a0346a168816247538c.php 第 102 行.
NOTIC: [8] Undefined variable: one D:\www\taobao\Application\Runtime\Cache\Admin\a582f4f98c3d0a0346a168816247538c.php 第 102 行.
NOTIC: [8] Undefined variable: one D:\www\taobao\Application\Runtime\Cache\Admin\a582f4f98c3d0a0346a168816247538c.php 第 102 行.
NOTIC: [8] Undefined variable: one D:\www\taobao\Application\Runtime\Cache\Admin\a582f4f98c3d0a0346a168816247538c.php 第 102 行.
NOTIC: [8] Undefined variable: one D:\www\taobao\Application\Runtime\Cache\Admin\a582f4f98c3d0a0346a168816247538c.php 第 102 行.
NOTIC: [8] Undefined variable: one D:\www\taobao\Application\Runtime\Cache\Admin\a582f4f98c3d0a0346a168816247538c.php 第 102 行.
NOTIC: [8] Undefined variable: one D:\www\taobao\Application\Runtime\Cache\Admin\a582f4f98c3d0a0346a168816247538c.php 第 102 行.
NOTIC: [8] Undefined variable: one D:\www\taobao\Application\Runtime\Cache\Admin\a582f4f98c3d0a0346a168816247538c.php 第 102 行.
NOTIC: [8] Undefined variable: one D:\www\taobao\Application\Runtime\Cache\Admin\a582f4f98c3d0a0346a168816247538c.php 第 102 行.
NOTIC: [8] Undefined variable: one D:\www\taobao\Application\Runtime\Cache\Admin\a582f4f98c3d0a0346a168816247538c.php 第 102 行.
NOTIC: [8] Undefined variable: one D:\www\taobao\Application\Runtime\Cache\Admin\a582f4f98c3d0a0346a168816247538c.php 第 102 行.
NOTIC: [8] Undefined variable: one D:\www\taobao\Application\Runtime\Cache\Admin\a582f4f98c3d0a0346a168816247538c.php 第 102 行.
NOTIC: [8] Undefined variable: one D:\www\taobao\Application\Runtime\Cache\Admin\a582f4f98c3d0a0346a168816247538c.php 第 102 行.
INFO: Run Behavior\ParseTemplateBehavior [ RunTime:0.006715s ]
INFO: [ view_parse ] --END-- [ RunTime:0.006737s ]
INFO: [ view_filter ] --START--
INFO: Run Behavior\WriteHtmlCacheBehavior [ RunTime:0.000128s ]
INFO: [ view_filter ] --END-- [ RunTime:0.000146s ]
INFO: [ app_end ] --START--
INFO: Run Behavior\ShowPageTraceBehavior [ RunTime:0.000246s ]
INFO: [ app_end ] --END-- [ RunTime:0.000268s ]

[ 2015-12-31T14:59:15+08:00 ] 127.0.0.1 /index.php?m=Admin&c=Column&a=index
INFO: [ app_init ] --START--
INFO: Run Behavior\BuildLiteBehavior [ RunTime:0.000007s ]
INFO: [ app_init ] --END-- [ RunTime:0.000192s ]
INFO: [ app_begin ] --START--
INFO: Run Behavior\ReadHtmlCacheBehavior [ RunTime:0.000231s ]
INFO: [ app_begin ] --END-- [ RunTime:0.000257s ]
SQL: SHOW COLUMNS FROM `taobao_menu` [ RunTime:0.0019s ]
SQL: SELECT * FROM `taobao_menu` WHERE `is_show` = 1 ORDER BY sort asc  [ RunTime:0.0002s ]
SQL: SELECT * FROM `taobao_menu` WHERE `controller` = 'Column' LIMIT 1   [ RunTime:0.0001s ]
SQL: SELECT * FROM `taobao_menu` WHERE `id` = 1 LIMIT 1   [ RunTime:0.0001s ]
SQL: SHOW COLUMNS FROM `taobao_column` [ RunTime:0.0016s ]
NOTIC: [8] Undefined offset: 0 D:\www\taobao\ThinkPHP\Library\Think\Model.class.php 第 222 行.
SQL: SELECT * FROM `taobao_column`  [ RunTime:0.0001s ]
INFO: [ view_parse ] --START--
INFO: [ template_filter ] --START--
INFO: Run Behavior\ContentReplaceBehavior [ RunTime:0.000069s ]
INFO: [ template_filter ] --END-- [ RunTime:0.000095s ]
INFO: Run Behavior\ParseTemplateBehavior [ RunTime:0.006876s ]
INFO: [ view_parse ] --END-- [ RunTime:0.006901s ]
INFO: [ view_filter ] --START--
INFO: Run Behavior\WriteHtmlCacheBehavior [ RunTime:0.000121s ]
INFO: [ view_filter ] --END-- [ RunTime:0.000140s ]
INFO: [ app_end ] --START--
INFO: Run Behavior\ShowPageTraceBehavior [ RunTime:0.000241s ]
INFO: [ app_end ] --END-- [ RunTime:0.000265s ]

[ 2015-12-31T14:59:16+08:00 ] 127.0.0.1 /index.php?m=Admin&c=Webset&a=one&id=1
INFO: [ app_init ] --START--
INFO: Run Behavior\BuildLiteBehavior [ RunTime:0.000007s ]
INFO: [ app_init ] --END-- [ RunTime:0.000192s ]
INFO: [ app_begin ] --START--
INFO: Run Behavior\ReadHtmlCacheBehavior [ RunTime:0.000230s ]
INFO: [ app_begin ] --END-- [ RunTime:0.000255s ]
SQL: SHOW COLUMNS FROM `taobao_menu` [ RunTime:0.0018s ]
SQL: SELECT * FROM `taobao_menu` WHERE `is_show` = 1 ORDER BY sort asc  [ RunTime:0.0002s ]
SQL: SELECT * FROM `taobao_menu` WHERE `controller` = 'Webset' LIMIT 1   [ RunTime:0.0001s ]
SQL: SELECT * FROM `taobao_menu` WHERE `id` = 1 LIMIT 1   [ RunTime:0.0001s ]
SQL: SHOW COLUMNS FROM `taobao_webset` [ RunTime:0.0015s ]
SQL: SELECT * FROM `taobao_webset` WHERE `id` = 1 LIMIT 1   [ RunTime:0.0001s ]
INFO: [ view_parse ] --START--
INFO: [ template_filter ] --START--
INFO: Run Behavior\ContentReplaceBehavior [ RunTime:0.000061s ]
INFO: [ template_filter ] --END-- [ RunTime:0.000086s ]
INFO: Run Behavior\ParseTemplateBehavior [ RunTime:0.005317s ]
INFO: [ view_parse ] --END-- [ RunTime:0.005344s ]
INFO: [ view_filter ] --START--
INFO: Run Behavior\WriteHtmlCacheBehavior [ RunTime:0.000121s ]
INFO: [ view_filter ] --END-- [ RunTime:0.000140s ]
INFO: [ app_end ] --START--
INFO: Run Behavior\ShowPageTraceBehavior [ RunTime:0.000242s ]
INFO: [ app_end ] --END-- [ RunTime:0.000262s ]

[ 2015-12-31T14:59:16+08:00 ] 127.0.0.1 /index.php?m=Admin&c=Column&a=index
INFO: [ app_init ] --START--
INFO: Run Behavior\BuildLiteBehavior [ RunTime:0.000007s ]
INFO: [ app_init ] --END-- [ RunTime:0.000190s ]
INFO: [ app_begin ] --START--
INFO: Run Behavior\ReadHtmlCacheBehavior [ RunTime:0.000227s ]
INFO: [ app_begin ] --END-- [ RunTime:0.000253s ]
SQL: SHOW COLUMNS FROM `taobao_menu` [ RunTime:0.0018s ]
SQL: SELECT * FROM `taobao_menu` WHERE `is_show` = 1 ORDER BY sort asc  [ RunTime:0.0002s ]
SQL: SELECT * FROM `taobao_menu` WHERE `controller` = 'Column' LIMIT 1   [ RunTime:0.0001s ]
SQL: SELECT * FROM `taobao_menu` WHERE `id` = 1 LIMIT 1   [ RunTime:0.0001s ]
SQL: SHOW COLUMNS FROM `taobao_column` [ RunTime:0.0016s ]
NOTIC: [8] Undefined offset: 0 D:\www\taobao\ThinkPHP\Library\Think\Model.class.php 第 222 行.
SQL: SELECT * FROM `taobao_column`  [ RunTime:0.0001s ]
INFO: [ view_parse ] --START--
INFO: [ template_filter ] --START--
INFO: Run Behavior\ContentReplaceBehavior [ RunTime:0.000068s ]
INFO: [ template_filter ] --END-- [ RunTime:0.000093s ]
INFO: Run Behavior\ParseTemplateBehavior [ RunTime:0.006956s ]
INFO: [ view_parse ] --END-- [ RunTime:0.006983s ]
INFO: [ view_filter ] --START--
INFO: Run Behavior\WriteHtmlCacheBehavior [ RunTime:0.000125s ]
INFO: [ view_filter ] --END-- [ RunTime:0.000143s ]
INFO: [ app_end ] --START--
INFO: Run Behavior\ShowPageTraceBehavior [ RunTime:0.000242s ]
INFO: [ app_end ] --END-- [ RunTime:0.000265s ]

[ 2015-12-31T14:59:17+08:00 ] 127.0.0.1 /index.php/Admin/Column/one
INFO: [ app_init ] --START--
INFO: Run Behavior\BuildLiteBehavior [ RunTime:0.000009s ]
INFO: [ app_init ] --END-- [ RunTime:0.000221s ]
INFO: [ app_begin ] --START--
INFO: Run Behavior\ReadHtmlCacheBehavior [ RunTime:0.000254s ]
INFO: [ app_begin ] --END-- [ RunTime:0.000282s ]
SQL: SHOW COLUMNS FROM `taobao_menu` [ RunTime:0.0017s ]
SQL: SELECT * FROM `taobao_menu` WHERE `is_show` = 1 ORDER BY sort asc  [ RunTime:0.0002s ]
SQL: SELECT * FROM `taobao_menu` WHERE `controller` = 'Column' LIMIT 1   [ RunTime:0.0001s ]
SQL: SELECT * FROM `taobao_menu` WHERE `id` = 1 LIMIT 1   [ RunTime:0.0001s ]
SQL: SHOW COLUMNS FROM `taobao_column` [ RunTime:0.0016s ]
NOTIC: [8] Undefined index: id D:\www\taobao\Application\Admin\Controller\CareController.class.php 第 65 行.
INFO: [ view_parse ] --START--
INFO: [ template_filter ] --START--
INFO: Run Behavior\ContentReplaceBehavior [ RunTime:0.000074s ]
INFO: [ template_filter ] --END-- [ RunTime:0.000098s ]
NOTIC: [8] Undefined variable: one D:\www\taobao\Application\Runtime\Cache\Admin\a582f4f98c3d0a0346a168816247538c.php 第 74 行.
NOTIC: [8] Undefined variable: one D:\www\taobao\Application\Runtime\Cache\Admin\a582f4f98c3d0a0346a168816247538c.php 第 78 行.
NOTIC: [8] Undefined variable: one D:\www\taobao\Application\Runtime\Cache\Admin\a582f4f98c3d0a0346a168816247538c.php 第 84 行.
NOTIC: [8] Undefined variable: one D:\www\taobao\Application\Runtime\Cache\Admin\a582f4f98c3d0a0346a168816247538c.php 第 92 行.
SQL: SELECT * FROM `taobao_column` WHERE `sid` = 0  [ RunTime:0.0002s ]
NOTIC: [8] Undefined variable: one D:\www\taobao\Application\Runtime\Cache\Admin\a582f4f98c3d0a0346a168816247538c.php 第 102 行.
NOTIC: [8] Undefined variable: one D:\www\taobao\Application\Runtime\Cache\Admin\a582f4f98c3d0a0346a168816247538c.php 第 102 行.
NOTIC: [8] Undefined variable: one D:\www\taobao\Application\Runtime\Cache\Admin\a582f4f98c3d0a0346a168816247538c.php 第 102 行.
NOTIC: [8] Undefined variable: one D:\www\taobao\Application\Runtime\Cache\Admin\a582f4f98c3d0a0346a168816247538c.php 第 102 行.
NOTIC: [8] Undefined variable: one D:\www\taobao\Application\Runtime\Cache\Admin\a582f4f98c3d0a0346a168816247538c.php 第 102 行.
NOTIC: [8] Undefined variable: one D:\www\taobao\Application\Runtime\Cache\Admin\a582f4f98c3d0a0346a168816247538c.php 第 102 行.
NOTIC: [8] Undefined variable: one D:\www\taobao\Application\Runtime\Cache\Admin\a582f4f98c3d0a0346a168816247538c.php 第 102 行.
NOTIC: [8] Undefined variable: one D:\www\taobao\Application\Runtime\Cache\Admin\a582f4f98c3d0a0346a168816247538c.php 第 102 行.
NOTIC: [8] Undefined variable: one D:\www\taobao\Application\Runtime\Cache\Admin\a582f4f98c3d0a0346a168816247538c.php 第 102 行.
NOTIC: [8] Undefined variable: one D:\www\taobao\Application\Runtime\Cache\Admin\a582f4f98c3d0a0346a168816247538c.php 第 102 行.
NOTIC: [8] Undefined variable: one D:\www\taobao\Application\Runtime\Cache\Admin\a582f4f98c3d0a0346a168816247538c.php 第 102 行.
NOTIC: [8] Undefined variable: one D:\www\taobao\Application\Runtime\Cache\Admin\a582f4f98c3d0a0346a168816247538c.php 第 102 行.
NOTIC: [8] Undefined variable: one D:\www\taobao\Application\Runtime\Cache\Admin\a582f4f98c3d0a0346a168816247538c.php 第 102 行.
NOTIC: [8] Undefined variable: one D:\www\taobao\Application\Runtime\Cache\Admin\a582f4f98c3d0a0346a168816247538c.php 第 102 行.
NOTIC: [8] Undefined variable: one D:\www\taobao\Application\Runtime\Cache\Admin\a582f4f98c3d0a0346a168816247538c.php 第 102 行.
INFO: Run Behavior\ParseTemplateBehavior [ RunTime:0.006554s ]
INFO: [ view_parse ] --END-- [ RunTime:0.006575s ]
INFO: [ view_filter ] --START--
INFO: Run Behavior\WriteHtmlCacheBehavior [ RunTime:0.000124s ]
INFO: [ view_filter ] --END-- [ RunTime:0.000142s ]
INFO: [ app_end ] --START--
INFO: Run Behavior\ShowPageTraceBehavior [ RunTime:0.000238s ]
INFO: [ app_end ] --END-- [ RunTime:0.000259s ]

[ 2015-12-31T15:01:29+08:00 ] 127.0.0.1 /index.php/Admin/Column/one
INFO: [ app_init ] --START--
INFO: Run Behavior\BuildLiteBehavior [ RunTime:0.000008s ]
INFO: [ app_init ] --END-- [ RunTime:0.000230s ]
INFO: [ app_begin ] --START--
INFO: Run Behavior\ReadHtmlCacheBehavior [ RunTime:0.000269s ]
INFO: [ app_begin ] --END-- [ RunTime:0.000297s ]
SQL: SHOW COLUMNS FROM `taobao_menu` [ RunTime:0.0018s ]
SQL: SELECT * FROM `taobao_menu` WHERE `is_show` = 1 ORDER BY sort asc  [ RunTime:0.0002s ]
SQL: SELECT * FROM `taobao_menu` WHERE `controller` = 'Column' LIMIT 1   [ RunTime:0.0001s ]
SQL: SELECT * FROM `taobao_menu` WHERE `id` = 1 LIMIT 1   [ RunTime:0.0001s ]
SQL: SHOW COLUMNS FROM `taobao_column` [ RunTime:0.0015s ]
NOTIC: [8] Undefined index: id D:\www\taobao\Application\Admin\Controller\CareController.class.php 第 65 行.
INFO: [ view_parse ] --START--
INFO: [ template_filter ] --START--
INFO: Run Behavior\ContentReplaceBehavior [ RunTime:0.000068s ]
INFO: [ template_filter ] --END-- [ RunTime:0.000097s ]
NOTIC: [8] Undefined variable: one D:\www\taobao\Application\Runtime\Cache\Admin\a582f4f98c3d0a0346a168816247538c.php 第 74 行.
NOTIC: [8] Undefined variable: one D:\www\taobao\Application\Runtime\Cache\Admin\a582f4f98c3d0a0346a168816247538c.php 第 78 行.
NOTIC: [8] Undefined variable: one D:\www\taobao\Application\Runtime\Cache\Admin\a582f4f98c3d0a0346a168816247538c.php 第 84 行.
NOTIC: [8] Undefined variable: one D:\www\taobao\Application\Runtime\Cache\Admin\a582f4f98c3d0a0346a168816247538c.php 第 92 行.
SQL: SELECT * FROM `taobao_column` WHERE `sid` = 0  [ RunTime:0.0003s ]
NOTIC: [8] Undefined variable: one D:\www\taobao\Application\Runtime\Cache\Admin\a582f4f98c3d0a0346a168816247538c.php 第 102 行.
NOTIC: [8] Undefined variable: one D:\www\taobao\Application\Runtime\Cache\Admin\a582f4f98c3d0a0346a168816247538c.php 第 102 行.
NOTIC: [8] Undefined variable: one D:\www\taobao\Application\Runtime\Cache\Admin\a582f4f98c3d0a0346a168816247538c.php 第 102 行.
NOTIC: [8] Undefined variable: one D:\www\taobao\Application\Runtime\Cache\Admin\a582f4f98c3d0a0346a168816247538c.php 第 102 行.
NOTIC: [8] Undefined variable: one D:\www\taobao\Application\Runtime\Cache\Admin\a582f4f98c3d0a0346a168816247538c.php 第 102 行.
NOTIC: [8] Undefined variable: one D:\www\taobao\Application\Runtime\Cache\Admin\a582f4f98c3d0a0346a168816247538c.php 第 102 行.
NOTIC: [8] Undefined variable: one D:\www\taobao\Application\Runtime\Cache\Admin\a582f4f98c3d0a0346a168816247538c.php 第 102 行.
NOTIC: [8] Undefined variable: one D:\www\taobao\Application\Runtime\Cache\Admin\a582f4f98c3d0a0346a168816247538c.php 第 102 行.
NOTIC: [8] Undefined variable: one D:\www\taobao\Application\Runtime\Cache\Admin\a582f4f98c3d0a0346a168816247538c.php 第 102 行.
NOTIC: [8] Undefined variable: one D:\www\taobao\Application\Runtime\Cache\Admin\a582f4f98c3d0a0346a168816247538c.php 第 102 行.
NOTIC: [8] Undefined variable: one D:\www\taobao\Application\Runtime\Cache\Admin\a582f4f98c3d0a0346a168816247538c.php 第 102 行.
NOTIC: [8] Undefined variable: one D:\www\taobao\Application\Runtime\Cache\Admin\a582f4f98c3d0a0346a168816247538c.php 第 102 行.
NOTIC: [8] Undefined variable: one D:\www\taobao\Application\Runtime\Cache\Admin\a582f4f98c3d0a0346a168816247538c.php 第 102 行.
NOTIC: [8] Undefined variable: one D:\www\taobao\Application\Runtime\Cache\Admin\a582f4f98c3d0a0346a168816247538c.php 第 102 行.
NOTIC: [8] Undefined variable: one D:\www\taobao\Application\Runtime\Cache\Admin\a582f4f98c3d0a0346a168816247538c.php 第 102 行.
INFO: Run Behavior\ParseTemplateBehavior [ RunTime:0.007223s ]
INFO: [ view_parse ] --END-- [ RunTime:0.007245s ]
INFO: [ view_filter ] --START--
INFO: Run Behavior\WriteHtmlCacheBehavior [ RunTime:0.000169s ]
INFO: [ view_filter ] --END-- [ RunTime:0.000187s ]
INFO: [ app_end ] --START--
INFO: Run Behavior\ShowPageTraceBehavior [ RunTime:0.000282s ]
INFO: [ app_end ] --END-- [ RunTime:0.000304s ]

