[ 2016-01-22T10:20:35+08:00 ] 127.0.0.1 /index.php?m=admin
INFO: [ app_init ] --START--
INFO: Run Behavior\BuildLiteBehavior [ RunTime:0.000000s ]
INFO: [ app_init ] --END-- [ RunTime:0.014001s ]
INFO: [ app_begin ] --START--
INFO: Run Behavior\ReadHtmlCacheBehavior [ RunTime:0.005000s ]
INFO: [ app_begin ] --END-- [ RunTime:0.005000s ]

[ 2016-01-22T10:20:35+08:00 ] 127.0.0.1 /index.php?m=Admin&c=Index&a=login
INFO: [ app_init ] --START--
INFO: Run Behavior\BuildLiteBehavior [ RunTime:0.000000s ]
INFO: [ app_init ] --END-- [ RunTime:0.000000s ]
INFO: [ app_begin ] --START--
INFO: Run Behavior\ReadHtmlCacheBehavior [ RunTime:0.000000s ]
INFO: [ app_begin ] --END-- [ RunTime:0.002000s ]
INFO: [ view_parse ] --START--
INFO: [ template_filter ] --START--
INFO: Run Behavior\ContentReplaceBehavior [ RunTime:0.001000s ]
INFO: [ template_filter ] --END-- [ RunTime:0.001000s ]
INFO: Run Behavior\ParseTemplateBehavior [ RunTime:0.044003s ]
INFO: [ view_parse ] --END-- [ RunTime:0.044003s ]
INFO: [ view_filter ] --START--
INFO: Run Behavior\WriteHtmlCacheBehavior [ RunTime:0.010000s ]
INFO: [ view_filter ] --END-- [ RunTime:0.010000s ]
INFO: [ app_end ] --START--
INFO: Run Behavior\ShowPageTraceBehavior [ RunTime:0.001000s ]
INFO: [ app_end ] --END-- [ RunTime:0.001000s ]

[ 2016-01-22T10:20:39+08:00 ] 127.0.0.1 /index.php/Admin/Index/check_login
INFO: [ app_init ] --START--
INFO: Run Behavior\BuildLiteBehavior [ RunTime:0.000000s ]
INFO: [ app_init ] --END-- [ RunTime:0.001000s ]
INFO: [ app_begin ] --START--
INFO: Run Behavior\ReadHtmlCacheBehavior [ RunTime:0.001000s ]
INFO: [ app_begin ] --END-- [ RunTime:0.001000s ]
SQL: SHOW COLUMNS FROM `taobao_admin` [ RunTime:0.0130s ]
SQL: SELECT * FROM `taobao_admin` WHERE `username` = 'admin' AND `userpwd` = '21232f297a57a5a743894a0e4a801fc3' LIMIT 1   [ RunTime:0.0370s ]

[ 2016-01-22T10:20:40+08:00 ] 127.0.0.1 /index.php?m=Admin&c=Index&a=index
INFO: [ app_init ] --START--
INFO: Run Behavior\BuildLiteBehavior [ RunTime:0.000000s ]
INFO: [ app_init ] --END-- [ RunTime:0.001001s ]
INFO: [ app_begin ] --START--
INFO: Run Behavior\ReadHtmlCacheBehavior [ RunTime:0.001000s ]
INFO: [ app_begin ] --END-- [ RunTime:0.001000s ]
NOTIC: [2048] Declaration of Admin\Controller\CareController::show() should be compatible with Think\Controller::show($content, $charset = '', $contentType = '', $prefix = '') D:\www\taobao\Application\Admin\Controller\CareController.class.php 第 185 行.
SQL: SHOW COLUMNS FROM `taobao_menu` [ RunTime:0.0120s ]
SQL: SELECT * FROM `taobao_menu` WHERE `is_show` = 1 ORDER BY sort asc  [ RunTime:0.0080s ]
SQL: SELECT * FROM `taobao_menu` WHERE `controller` = 'Index' LIMIT 1   [ RunTime:0.0060s ]
SQL: SELECT * FROM `taobao_menu` WHERE `is_show` = 1 ORDER BY sort asc  [ RunTime:0.0060s ]
INFO: [ view_parse ] --START--
INFO: [ template_filter ] --START--
INFO: Run Behavior\ContentReplaceBehavior [ RunTime:0.001000s ]
INFO: [ template_filter ] --END-- [ RunTime:0.001000s ]
INFO: Run Behavior\ParseTemplateBehavior [ RunTime:0.043002s ]
INFO: [ view_parse ] --END-- [ RunTime:0.043002s ]
INFO: [ view_filter ] --START--
INFO: Run Behavior\WriteHtmlCacheBehavior [ RunTime:0.000000s ]
INFO: [ view_filter ] --END-- [ RunTime:0.001001s ]
INFO: [ app_end ] --START--
INFO: Run Behavior\ShowPageTraceBehavior [ RunTime:0.001000s ]
INFO: [ app_end ] --END-- [ RunTime:0.001000s ]

[ 2016-01-22T10:20:42+08:00 ] 127.0.0.1 /index.php?m=Admin&c=Article&a=index
INFO: [ app_init ] --START--
INFO: Run Behavior\BuildLiteBehavior [ RunTime:0.000000s ]
INFO: [ app_init ] --END-- [ RunTime:0.000000s ]
INFO: [ app_begin ] --START--
INFO: Run Behavior\ReadHtmlCacheBehavior [ RunTime:0.001000s ]
INFO: [ app_begin ] --END-- [ RunTime:0.001000s ]
NOTIC: [2048] Declaration of Admin\Controller\CareController::show() should be compatible with Think\Controller::show($content, $charset = '', $contentType = '', $prefix = '') D:\www\taobao\Application\Admin\Controller\CareController.class.php 第 185 行.
SQL: SHOW COLUMNS FROM `taobao_menu` [ RunTime:0.0120s ]
SQL: SELECT * FROM `taobao_menu` WHERE `is_show` = 1 ORDER BY sort asc  [ RunTime:0.0080s ]
SQL: SELECT * FROM `taobao_menu` WHERE `controller` = 'Article' LIMIT 1   [ RunTime:0.0080s ]
SQL: SELECT * FROM `taobao_menu` WHERE `id` = 1 LIMIT 1   [ RunTime:0.0090s ]
SQL: SHOW COLUMNS FROM `taobao_article` [ RunTime:0.0270s ]
SQL: SELECT COUNT(*) AS tp_count FROM `taobao_article` LIMIT 1   [ RunTime:0.0070s ]
SQL: SELECT * FROM `taobao_article` ORDER BY id desc LIMIT 0,25   [ RunTime:0.0060s ]
INFO: [ view_parse ] --START--
INFO: [ template_filter ] --START--
INFO: Run Behavior\ContentReplaceBehavior [ RunTime:0.001000s ]
INFO: [ template_filter ] --END-- [ RunTime:0.001000s ]
INFO: Run Behavior\ParseTemplateBehavior [ RunTime:0.058003s ]
INFO: [ view_parse ] --END-- [ RunTime:0.058003s ]
INFO: [ view_filter ] --START--
INFO: Run Behavior\WriteHtmlCacheBehavior [ RunTime:0.001000s ]
INFO: [ view_filter ] --END-- [ RunTime:0.001000s ]
INFO: [ app_end ] --START--
INFO: Run Behavior\ShowPageTraceBehavior [ RunTime:0.000000s ]
INFO: [ app_end ] --END-- [ RunTime:0.000000s ]

[ 2016-01-22T10:20:44+08:00 ] 127.0.0.1 /index.php/Admin/Article/one
INFO: [ app_init ] --START--
INFO: Run Behavior\BuildLiteBehavior [ RunTime:0.000000s ]
INFO: [ app_init ] --END-- [ RunTime:0.001000s ]
INFO: [ app_begin ] --START--
INFO: Run Behavior\ReadHtmlCacheBehavior [ RunTime:0.001000s ]
INFO: [ app_begin ] --END-- [ RunTime:0.001000s ]
NOTIC: [2048] Declaration of Admin\Controller\CareController::show() should be compatible with Think\Controller::show($content, $charset = '', $contentType = '', $prefix = '') D:\www\taobao\Application\Admin\Controller\CareController.class.php 第 185 行.
SQL: SHOW COLUMNS FROM `taobao_menu` [ RunTime:0.0090s ]
SQL: SELECT * FROM `taobao_menu` WHERE `is_show` = 1 ORDER BY sort asc  [ RunTime:0.0080s ]
SQL: SELECT * FROM `taobao_menu` WHERE `controller` = 'Article' LIMIT 1   [ RunTime:0.0130s ]
SQL: SELECT * FROM `taobao_menu` WHERE `id` = 1 LIMIT 1   [ RunTime:0.0070s ]
SQL: SHOW COLUMNS FROM `taobao_article` [ RunTime:0.0100s ]
NOTIC: [8] Undefined index: id D:\www\taobao\Application\Admin\Controller\CareController.class.php 第 65 行.
INFO: [ view_parse ] --START--
INFO: [ template_filter ] --START--
INFO: Run Behavior\ContentReplaceBehavior [ RunTime:0.000000s ]
INFO: [ template_filter ] --END-- [ RunTime:0.000000s ]
NOTIC: [8] Undefined variable: one D:\www\taobao\Application\Runtime\Cache\Admin\00d3aab737bd3df1774c6f7612cb324c.php 第 72 行.
NOTIC: [8] Undefined variable: one D:\www\taobao\Application\Runtime\Cache\Admin\00d3aab737bd3df1774c6f7612cb324c.php 第 76 行.
SQL: SHOW COLUMNS FROM `taobao_articlecolumn` [ RunTime:0.0490s ]
SQL: SELECT * FROM `taobao_articlecolumn` WHERE `sid` = 0  [ RunTime:0.0110s ]
NOTIC: [8] Undefined variable: one D:\www\taobao\Application\Runtime\Cache\Admin\00d3aab737bd3df1774c6f7612cb324c.php 第 100 行.
NOTIC: [8] Undefined variable: one D:\www\taobao\Application\Runtime\Cache\Admin\00d3aab737bd3df1774c6f7612cb324c.php 第 107 行.
NOTIC: [8] Undefined variable: one D:\www\taobao\Application\Runtime\Cache\Admin\00d3aab737bd3df1774c6f7612cb324c.php 第 113 行.
NOTIC: [8] Undefined variable: one D:\www\taobao\Application\Runtime\Cache\Admin\00d3aab737bd3df1774c6f7612cb324c.php 第 120 行.
INFO: Run Behavior\ParseTemplateBehavior [ RunTime:0.107007s ]
INFO: [ view_parse ] --END-- [ RunTime:0.107007s ]
INFO: [ view_filter ] --START--
INFO: Run Behavior\WriteHtmlCacheBehavior [ RunTime:0.001000s ]
INFO: [ view_filter ] --END-- [ RunTime:0.001000s ]
INFO: [ app_end ] --START--
INFO: Run Behavior\ShowPageTraceBehavior [ RunTime:0.002000s ]
INFO: [ app_end ] --END-- [ RunTime:0.002000s ]

[ 2016-01-22T10:21:21+08:00 ] 127.0.0.1 /index.php?m=admin
INFO: [ app_init ] --START--
INFO: Run Behavior\BuildLiteBehavior [ RunTime:0.000000s ]
INFO: [ app_init ] --END-- [ RunTime:0.000000s ]
INFO: [ app_begin ] --START--
INFO: Run Behavior\ReadHtmlCacheBehavior [ RunTime:0.000000s ]
INFO: [ app_begin ] --END-- [ RunTime:0.000000s ]
NOTIC: [2048] Declaration of Admin\Controller\CareController::show() should be compatible with Think\Controller::show($content, $charset = '', $contentType = '', $prefix = '') D:\www\taobao\Application\Admin\Controller\CareController.class.php 第 185 行.
SQL: SHOW COLUMNS FROM `taobao_menu` [ RunTime:0.0110s ]
SQL: SELECT * FROM `taobao_menu` WHERE `is_show` = 1 ORDER BY sort asc  [ RunTime:0.0090s ]
SQL: SELECT * FROM `taobao_menu` WHERE `controller` = 'Index' LIMIT 1   [ RunTime:0.0060s ]
SQL: SELECT * FROM `taobao_menu` WHERE `is_show` = 1 ORDER BY sort asc  [ RunTime:0.0070s ]
INFO: [ view_parse ] --START--
INFO: [ template_filter ] --START--
INFO: Run Behavior\ContentReplaceBehavior [ RunTime:0.000000s ]
INFO: [ template_filter ] --END-- [ RunTime:0.000000s ]
INFO: Run Behavior\ParseTemplateBehavior [ RunTime:0.009000s ]
INFO: [ view_parse ] --END-- [ RunTime:0.009000s ]
INFO: [ view_filter ] --START--
INFO: Run Behavior\WriteHtmlCacheBehavior [ RunTime:0.001000s ]
INFO: [ view_filter ] --END-- [ RunTime:0.001000s ]
INFO: [ app_end ] --START--
INFO: Run Behavior\ShowPageTraceBehavior [ RunTime:0.000000s ]
INFO: [ app_end ] --END-- [ RunTime:0.000000s ]

[ 2016-01-22T10:21:24+08:00 ] 127.0.0.1 /index.php?m=Admin&c=Shopcolumn&a=index
INFO: [ app_init ] --START--
INFO: Run Behavior\BuildLiteBehavior [ RunTime:0.000000s ]
INFO: [ app_init ] --END-- [ RunTime:0.000000s ]
INFO: [ app_begin ] --START--
INFO: Run Behavior\ReadHtmlCacheBehavior [ RunTime:0.000000s ]
INFO: [ app_begin ] --END-- [ RunTime:0.000000s ]
NOTIC: [2048] Declaration of Admin\Controller\CareController::show() should be compatible with Think\Controller::show($content, $charset = '', $contentType = '', $prefix = '') D:\www\taobao\Application\Admin\Controller\CareController.class.php 第 185 行.
SQL: SHOW COLUMNS FROM `taobao_menu` [ RunTime:0.0090s ]
SQL: SELECT * FROM `taobao_menu` WHERE `is_show` = 1 ORDER BY sort asc  [ RunTime:0.0190s ]
SQL: SELECT * FROM `taobao_menu` WHERE `controller` = 'Shopcolumn' LIMIT 1   [ RunTime:0.0070s ]
SQL: SELECT * FROM `taobao_menu` WHERE `id` = 1 LIMIT 1   [ RunTime:0.0060s ]
SQL: SHOW COLUMNS FROM `taobao_shopcolumn` [ RunTime:0.0110s ]
SQL: SELECT * FROM `taobao_shopcolumn`  [ RunTime:0.0250s ]
INFO: [ view_parse ] --START--
INFO: [ template_filter ] --START--
INFO: Run Behavior\ContentReplaceBehavior [ RunTime:0.000000s ]
INFO: [ template_filter ] --END-- [ RunTime:0.000000s ]
INFO: Run Behavior\ParseTemplateBehavior [ RunTime:0.036002s ]
INFO: [ view_parse ] --END-- [ RunTime:0.036002s ]
INFO: [ view_filter ] --START--
INFO: Run Behavior\WriteHtmlCacheBehavior [ RunTime:0.001000s ]
INFO: [ view_filter ] --END-- [ RunTime:0.001000s ]
INFO: [ app_end ] --START--
INFO: Run Behavior\ShowPageTraceBehavior [ RunTime:0.001000s ]
INFO: [ app_end ] --END-- [ RunTime:0.001000s ]

[ 2016-01-22T10:21:25+08:00 ] 127.0.0.1 /index.php/Admin/Shopcolumn/one
INFO: [ app_init ] --START--
INFO: Run Behavior\BuildLiteBehavior [ RunTime:0.000000s ]
INFO: [ app_init ] --END-- [ RunTime:0.001001s ]
INFO: [ app_begin ] --START--
INFO: Run Behavior\ReadHtmlCacheBehavior [ RunTime:0.000000s ]
INFO: [ app_begin ] --END-- [ RunTime:0.000000s ]
NOTIC: [2048] Declaration of Admin\Controller\CareController::show() should be compatible with Think\Controller::show($content, $charset = '', $contentType = '', $prefix = '') D:\www\taobao\Application\Admin\Controller\CareController.class.php 第 185 行.
SQL: SHOW COLUMNS FROM `taobao_menu` [ RunTime:0.0120s ]
SQL: SELECT * FROM `taobao_menu` WHERE `is_show` = 1 ORDER BY sort asc  [ RunTime:0.0070s ]
SQL: SELECT * FROM `taobao_menu` WHERE `controller` = 'Shopcolumn' LIMIT 1   [ RunTime:0.0080s ]
SQL: SELECT * FROM `taobao_menu` WHERE `id` = 1 LIMIT 1   [ RunTime:0.0090s ]
SQL: SHOW COLUMNS FROM `taobao_shopcolumn` [ RunTime:0.0180s ]
NOTIC: [8] Undefined index: id D:\www\taobao\Application\Admin\Controller\CareController.class.php 第 65 行.
INFO: [ view_parse ] --START--
INFO: [ template_filter ] --START--
INFO: Run Behavior\ContentReplaceBehavior [ RunTime:0.000000s ]
INFO: [ template_filter ] --END-- [ RunTime:0.001000s ]
NOTIC: [8] Undefined variable: one D:\www\taobao\Application\Runtime\Cache\Admin\cfb88226484a33b76764aacafa74c6a9.php 第 72 行.
NOTIC: [8] Undefined variable: one D:\www\taobao\Application\Runtime\Cache\Admin\cfb88226484a33b76764aacafa74c6a9.php 第 76 行.
NOTIC: [8] Undefined variable: one D:\www\taobao\Application\Runtime\Cache\Admin\cfb88226484a33b76764aacafa74c6a9.php 第 82 行.
NOTIC: [8] Undefined variable: one D:\www\taobao\Application\Runtime\Cache\Admin\cfb88226484a33b76764aacafa74c6a9.php 第 90 行.
SQL: SELECT * FROM `taobao_shopcolumn` WHERE `sid` = 0  [ RunTime:0.0080s ]
NOTIC: [8] Undefined variable: one D:\www\taobao\Application\Runtime\Cache\Admin\cfb88226484a33b76764aacafa74c6a9.php 第 100 行.
NOTIC: [8] Undefined variable: one D:\www\taobao\Application\Runtime\Cache\Admin\cfb88226484a33b76764aacafa74c6a9.php 第 100 行.
NOTIC: [8] Undefined variable: one D:\www\taobao\Application\Runtime\Cache\Admin\cfb88226484a33b76764aacafa74c6a9.php 第 100 行.
NOTIC: [8] Undefined variable: one D:\www\taobao\Application\Runtime\Cache\Admin\cfb88226484a33b76764aacafa74c6a9.php 第 100 行.
NOTIC: [8] Undefined variable: one D:\www\taobao\Application\Runtime\Cache\Admin\cfb88226484a33b76764aacafa74c6a9.php 第 100 行.
NOTIC: [8] Undefined variable: one D:\www\taobao\Application\Runtime\Cache\Admin\cfb88226484a33b76764aacafa74c6a9.php 第 100 行.
NOTIC: [8] Undefined variable: one D:\www\taobao\Application\Runtime\Cache\Admin\cfb88226484a33b76764aacafa74c6a9.php 第 100 行.
NOTIC: [8] Undefined variable: one D:\www\taobao\Application\Runtime\Cache\Admin\cfb88226484a33b76764aacafa74c6a9.php 第 100 行.
NOTIC: [8] Undefined variable: one D:\www\taobao\Application\Runtime\Cache\Admin\cfb88226484a33b76764aacafa74c6a9.php 第 100 行.
NOTIC: [8] Undefined variable: one D:\www\taobao\Application\Runtime\Cache\Admin\cfb88226484a33b76764aacafa74c6a9.php 第 100 行.
NOTIC: [8] Undefined variable: one D:\www\taobao\Application\Runtime\Cache\Admin\cfb88226484a33b76764aacafa74c6a9.php 第 100 行.
NOTIC: [8] Undefined variable: one D:\www\taobao\Application\Runtime\Cache\Admin\cfb88226484a33b76764aacafa74c6a9.php 第 100 行.
NOTIC: [8] Undefined variable: one D:\www\taobao\Application\Runtime\Cache\Admin\cfb88226484a33b76764aacafa74c6a9.php 第 100 行.
NOTIC: [8] Undefined variable: one D:\www\taobao\Application\Runtime\Cache\Admin\cfb88226484a33b76764aacafa74c6a9.php 第 100 行.
NOTIC: [8] Undefined variable: one D:\www\taobao\Application\Runtime\Cache\Admin\cfb88226484a33b76764aacafa74c6a9.php 第 100 行.
INFO: Run Behavior\ParseTemplateBehavior [ RunTime:0.063004s ]
INFO: [ view_parse ] --END-- [ RunTime:0.063004s ]
INFO: [ view_filter ] --START--
INFO: Run Behavior\WriteHtmlCacheBehavior [ RunTime:0.001000s ]
INFO: [ view_filter ] --END-- [ RunTime:0.001000s ]
INFO: [ app_end ] --START--
INFO: Run Behavior\ShowPageTraceBehavior [ RunTime:0.002000s ]
INFO: [ app_end ] --END-- [ RunTime:0.002000s ]

[ 2016-01-22T10:22:38+08:00 ] 127.0.0.1 /index.php?m=admin
INFO: [ app_init ] --START--
INFO: Run Behavior\BuildLiteBehavior [ RunTime:0.000000s ]
INFO: [ app_init ] --END-- [ RunTime:0.000000s ]
INFO: [ app_begin ] --START--
INFO: Run Behavior\ReadHtmlCacheBehavior [ RunTime:0.001000s ]
INFO: [ app_begin ] --END-- [ RunTime:0.001000s ]
NOTIC: [2048] Declaration of Admin\Controller\CareController::show() should be compatible with Think\Controller::show($content, $charset = '', $contentType = '', $prefix = '') D:\www\taobao\Application\Admin\Controller\CareController.class.php 第 185 行.
SQL: SHOW COLUMNS FROM `taobao_menu` [ RunTime:0.0200s ]
SQL: SELECT * FROM `taobao_menu` WHERE `is_show` = 1 ORDER BY sort asc  [ RunTime:0.0070s ]
SQL: SELECT * FROM `taobao_menu` WHERE `controller` = 'Index' LIMIT 1   [ RunTime:0.0080s ]
SQL: SELECT * FROM `taobao_menu` WHERE `is_show` = 1 ORDER BY sort asc  [ RunTime:0.0080s ]
INFO: [ view_parse ] --START--
INFO: [ template_filter ] --START--
INFO: Run Behavior\ContentReplaceBehavior [ RunTime:0.000000s ]
INFO: [ template_filter ] --END-- [ RunTime:0.000000s ]
INFO: Run Behavior\ParseTemplateBehavior [ RunTime:0.021002s ]
INFO: [ view_parse ] --END-- [ RunTime:0.022002s ]
INFO: [ view_filter ] --START--
INFO: Run Behavior\WriteHtmlCacheBehavior [ RunTime:0.000000s ]
INFO: [ view_filter ] --END-- [ RunTime:0.000000s ]
INFO: [ app_end ] --START--
INFO: Run Behavior\ShowPageTraceBehavior [ RunTime:0.001000s ]
INFO: [ app_end ] --END-- [ RunTime:0.001000s ]

[ 2016-01-22T10:22:40+08:00 ] 127.0.0.1 /index.php?m=Admin&c=Article&a=index
INFO: [ app_init ] --START--
INFO: Run Behavior\BuildLiteBehavior [ RunTime:0.001000s ]
INFO: [ app_init ] --END-- [ RunTime:0.001000s ]
INFO: [ app_begin ] --START--
INFO: Run Behavior\ReadHtmlCacheBehavior [ RunTime:0.002001s ]
INFO: [ app_begin ] --END-- [ RunTime:0.002001s ]
NOTIC: [2048] Declaration of Admin\Controller\CareController::show() should be compatible with Think\Controller::show($content, $charset = '', $contentType = '', $prefix = '') D:\www\taobao\Application\Admin\Controller\CareController.class.php 第 185 行.
SQL: SHOW COLUMNS FROM `taobao_menu` [ RunTime:0.0110s ]
SQL: SELECT * FROM `taobao_menu` WHERE `is_show` = 1 ORDER BY sort asc  [ RunTime:0.0070s ]
SQL: SELECT * FROM `taobao_menu` WHERE `controller` = 'Article' LIMIT 1   [ RunTime:0.0240s ]
SQL: SELECT * FROM `taobao_menu` WHERE `id` = 1 LIMIT 1   [ RunTime:0.0070s ]
SQL: SHOW COLUMNS FROM `taobao_article` [ RunTime:0.0110s ]
SQL: SELECT COUNT(*) AS tp_count FROM `taobao_article` LIMIT 1   [ RunTime:0.0100s ]
SQL: SELECT * FROM `taobao_article` ORDER BY id desc LIMIT 0,25   [ RunTime:0.0070s ]
INFO: [ view_parse ] --START--
INFO: [ template_filter ] --START--
INFO: Run Behavior\ContentReplaceBehavior [ RunTime:0.000000s ]
INFO: [ template_filter ] --END-- [ RunTime:0.000000s ]
INFO: Run Behavior\ParseTemplateBehavior [ RunTime:0.012000s ]
INFO: [ view_parse ] --END-- [ RunTime:0.012000s ]
INFO: [ view_filter ] --START--
INFO: Run Behavior\WriteHtmlCacheBehavior [ RunTime:0.000000s ]
INFO: [ view_filter ] --END-- [ RunTime:0.001001s ]
INFO: [ app_end ] --START--
INFO: Run Behavior\ShowPageTraceBehavior [ RunTime:0.000000s ]
INFO: [ app_end ] --END-- [ RunTime:0.000000s ]

[ 2016-01-22T10:22:41+08:00 ] 127.0.0.1 /index.php/Admin/Article/one
INFO: [ app_init ] --START--
INFO: Run Behavior\BuildLiteBehavior [ RunTime:0.000000s ]
INFO: [ app_init ] --END-- [ RunTime:0.001000s ]
INFO: [ app_begin ] --START--
INFO: Run Behavior\ReadHtmlCacheBehavior [ RunTime:0.001000s ]
INFO: [ app_begin ] --END-- [ RunTime:0.001000s ]
NOTIC: [2048] Declaration of Admin\Controller\CareController::show() should be compatible with Think\Controller::show($content, $charset = '', $contentType = '', $prefix = '') D:\www\taobao\Application\Admin\Controller\CareController.class.php 第 185 行.
SQL: SHOW COLUMNS FROM `taobao_menu` [ RunTime:0.0100s ]
SQL: SELECT * FROM `taobao_menu` WHERE `is_show` = 1 ORDER BY sort asc  [ RunTime:0.0090s ]
SQL: SELECT * FROM `taobao_menu` WHERE `controller` = 'Article' LIMIT 1   [ RunTime:0.0130s ]
SQL: SELECT * FROM `taobao_menu` WHERE `id` = 1 LIMIT 1   [ RunTime:0.0330s ]
SQL: SHOW COLUMNS FROM `taobao_article` [ RunTime:0.0120s ]
NOTIC: [8] Undefined index: id D:\www\taobao\Application\Admin\Controller\CareController.class.php 第 65 行.
INFO: [ view_parse ] --START--
INFO: [ template_filter ] --START--
INFO: Run Behavior\ContentReplaceBehavior [ RunTime:0.000000s ]
INFO: [ template_filter ] --END-- [ RunTime:0.001000s ]
NOTIC: [8] Undefined variable: one D:\www\taobao\Application\Runtime\Cache\Admin\00d3aab737bd3df1774c6f7612cb324c.php 第 72 行.
NOTIC: [8] Undefined variable: one D:\www\taobao\Application\Runtime\Cache\Admin\00d3aab737bd3df1774c6f7612cb324c.php 第 76 行.
SQL: SHOW COLUMNS FROM `taobao_articlecolumn` [ RunTime:0.0120s ]
SQL: SELECT * FROM `taobao_articlecolumn` WHERE `sid` = 0  [ RunTime:0.0130s ]
NOTIC: [8] Undefined variable: one D:\www\taobao\Application\Runtime\Cache\Admin\00d3aab737bd3df1774c6f7612cb324c.php 第 100 行.
NOTIC: [8] Undefined variable: one D:\www\taobao\Application\Runtime\Cache\Admin\00d3aab737bd3df1774c6f7612cb324c.php 第 107 行.
NOTIC: [8] Undefined variable: one D:\www\taobao\Application\Runtime\Cache\Admin\00d3aab737bd3df1774c6f7612cb324c.php 第 113 行.
NOTIC: [8] Undefined variable: one D:\www\taobao\Application\Runtime\Cache\Admin\00d3aab737bd3df1774c6f7612cb324c.php 第 120 行.
INFO: Run Behavior\ParseTemplateBehavior [ RunTime:0.050003s ]
INFO: [ view_parse ] --END-- [ RunTime:0.050003s ]
INFO: [ view_filter ] --START--
INFO: Run Behavior\WriteHtmlCacheBehavior [ RunTime:0.000000s ]
INFO: [ view_filter ] --END-- [ RunTime:0.000000s ]
INFO: [ app_end ] --START--
INFO: Run Behavior\ShowPageTraceBehavior [ RunTime:0.001000s ]
INFO: [ app_end ] --END-- [ RunTime:0.001000s ]

[ 2016-01-22T10:46:16+08:00 ] 127.0.0.1 /index.php?m=admin
INFO: [ app_init ] --START--
INFO: Run Behavior\BuildLiteBehavior [ RunTime:0.000000s ]
INFO: [ app_init ] --END-- [ RunTime:0.001000s ]
INFO: [ app_begin ] --START--
INFO: Run Behavior\ReadHtmlCacheBehavior [ RunTime:0.001000s ]
INFO: [ app_begin ] --END-- [ RunTime:0.001000s ]

[ 2016-01-22T10:46:16+08:00 ] 127.0.0.1 /index.php?m=Admin&c=Index&a=login
INFO: [ app_init ] --START--
INFO: Run Behavior\BuildLiteBehavior [ RunTime:0.000000s ]
INFO: [ app_init ] --END-- [ RunTime:0.000000s ]
INFO: [ app_begin ] --START--
INFO: Run Behavior\ReadHtmlCacheBehavior [ RunTime:0.001000s ]
INFO: [ app_begin ] --END-- [ RunTime:0.001000s ]
INFO: [ view_parse ] --START--
INFO: [ template_filter ] --START--
INFO: Run Behavior\ContentReplaceBehavior [ RunTime:0.000000s ]
INFO: [ template_filter ] --END-- [ RunTime:0.000000s ]
INFO: Run Behavior\ParseTemplateBehavior [ RunTime:0.008001s ]
INFO: [ view_parse ] --END-- [ RunTime:0.008001s ]
INFO: [ view_filter ] --START--
INFO: Run Behavior\WriteHtmlCacheBehavior [ RunTime:0.001000s ]
INFO: [ view_filter ] --END-- [ RunTime:0.001000s ]
INFO: [ app_end ] --START--
INFO: Run Behavior\ShowPageTraceBehavior [ RunTime:0.000000s ]
INFO: [ app_end ] --END-- [ RunTime:0.001000s ]

[ 2016-01-22T10:46:20+08:00 ] 127.0.0.1 /index.php/Admin/Index/check_login
INFO: [ app_init ] --START--
INFO: Run Behavior\BuildLiteBehavior [ RunTime:0.000000s ]
INFO: [ app_init ] --END-- [ RunTime:0.000000s ]
INFO: [ app_begin ] --START--
INFO: Run Behavior\ReadHtmlCacheBehavior [ RunTime:0.000000s ]
INFO: [ app_begin ] --END-- [ RunTime:0.000000s ]
SQL: SHOW COLUMNS FROM `taobao_admin` [ RunTime:0.0130s ]
SQL: SELECT * FROM `taobao_admin` WHERE `username` = 'admin' AND `userpwd` = '21232f297a57a5a743894a0e4a801fc3' LIMIT 1   [ RunTime:0.0090s ]

[ 2016-01-22T10:46:20+08:00 ] 127.0.0.1 /index.php?m=Admin&c=Index&a=index
INFO: [ app_init ] --START--
INFO: Run Behavior\BuildLiteBehavior [ RunTime:0.000000s ]
INFO: [ app_init ] --END-- [ RunTime:0.000000s ]
INFO: [ app_begin ] --START--
INFO: Run Behavior\ReadHtmlCacheBehavior [ RunTime:0.000000s ]
INFO: [ app_begin ] --END-- [ RunTime:0.001000s ]
NOTIC: [2048] Declaration of Admin\Controller\CareController::show() should be compatible with Think\Controller::show($content, $charset = '', $contentType = '', $prefix = '') D:\www\taobao\Application\Admin\Controller\CareController.class.php 第 185 行.
SQL: SHOW COLUMNS FROM `taobao_menu` [ RunTime:0.0120s ]
SQL: SELECT * FROM `taobao_menu` WHERE `is_show` = 1 ORDER BY sort asc  [ RunTime:0.0060s ]
SQL: SELECT * FROM `taobao_menu` WHERE `controller` = 'Index' LIMIT 1   [ RunTime:0.0080s ]
SQL: SELECT * FROM `taobao_menu` WHERE `is_show` = 1 ORDER BY sort asc  [ RunTime:0.0070s ]
INFO: [ view_parse ] --START--
INFO: [ template_filter ] --START--
INFO: Run Behavior\ContentReplaceBehavior [ RunTime:0.000000s ]
INFO: [ template_filter ] --END-- [ RunTime:0.000000s ]
INFO: Run Behavior\ParseTemplateBehavior [ RunTime:0.006001s ]
INFO: [ view_parse ] --END-- [ RunTime:0.006001s ]
INFO: [ view_filter ] --START--
INFO: Run Behavior\WriteHtmlCacheBehavior [ RunTime:0.000000s ]
INFO: [ view_filter ] --END-- [ RunTime:0.000000s ]
INFO: [ app_end ] --START--
INFO: Run Behavior\ShowPageTraceBehavior [ RunTime:0.001000s ]
INFO: [ app_end ] --END-- [ RunTime:0.001000s ]

[ 2016-01-22T10:46:22+08:00 ] 127.0.0.1 /index.php?m=Admin&c=Article&a=index
INFO: [ app_init ] --START--
INFO: Run Behavior\BuildLiteBehavior [ RunTime:0.000000s ]
INFO: [ app_init ] --END-- [ RunTime:0.001000s ]
INFO: [ app_begin ] --START--
INFO: Run Behavior\ReadHtmlCacheBehavior [ RunTime:0.000000s ]
INFO: [ app_begin ] --END-- [ RunTime:0.001000s ]
NOTIC: [2048] Declaration of Admin\Controller\CareController::show() should be compatible with Think\Controller::show($content, $charset = '', $contentType = '', $prefix = '') D:\www\taobao\Application\Admin\Controller\CareController.class.php 第 185 行.
SQL: SHOW COLUMNS FROM `taobao_menu` [ RunTime:0.0240s ]
SQL: SELECT * FROM `taobao_menu` WHERE `is_show` = 1 ORDER BY sort asc  [ RunTime:0.0060s ]
SQL: SELECT * FROM `taobao_menu` WHERE `controller` = 'Article' LIMIT 1   [ RunTime:0.0140s ]
SQL: SELECT * FROM `taobao_menu` WHERE `id` = 1 LIMIT 1   [ RunTime:0.0060s ]
SQL: SHOW COLUMNS FROM `taobao_article` [ RunTime:0.0100s ]
SQL: SELECT COUNT(*) AS tp_count FROM `taobao_article` LIMIT 1   [ RunTime:0.0130s ]
SQL: SELECT * FROM `taobao_article` ORDER BY id desc LIMIT 0,25   [ RunTime:0.0060s ]
INFO: [ view_parse ] --START--
INFO: [ template_filter ] --START--
INFO: Run Behavior\ContentReplaceBehavior [ RunTime:0.000000s ]
INFO: [ template_filter ] --END-- [ RunTime:0.000000s ]
INFO: Run Behavior\ParseTemplateBehavior [ RunTime:0.013000s ]
INFO: [ view_parse ] --END-- [ RunTime:0.013000s ]
INFO: [ view_filter ] --START--
INFO: Run Behavior\WriteHtmlCacheBehavior [ RunTime:0.001000s ]
INFO: [ view_filter ] --END-- [ RunTime:0.001000s ]
INFO: [ app_end ] --START--
INFO: Run Behavior\ShowPageTraceBehavior [ RunTime:0.001000s ]
INFO: [ app_end ] --END-- [ RunTime:0.001000s ]

[ 2016-01-22T10:46:23+08:00 ] 127.0.0.1 /index.php?m=Admin&c=Articlecolumn&a=index
INFO: [ app_init ] --START--
INFO: Run Behavior\BuildLiteBehavior [ RunTime:0.000000s ]
INFO: [ app_init ] --END-- [ RunTime:0.000000s ]
INFO: [ app_begin ] --START--
INFO: Run Behavior\ReadHtmlCacheBehavior [ RunTime:0.000000s ]
INFO: [ app_begin ] --END-- [ RunTime:0.000000s ]
NOTIC: [2048] Declaration of Admin\Controller\CareController::show() should be compatible with Think\Controller::show($content, $charset = '', $contentType = '', $prefix = '') D:\www\taobao\Application\Admin\Controller\CareController.class.php 第 185 行.
SQL: SHOW COLUMNS FROM `taobao_menu` [ RunTime:0.0080s ]
SQL: SELECT * FROM `taobao_menu` WHERE `is_show` = 1 ORDER BY sort asc  [ RunTime:0.0060s ]
SQL: SELECT * FROM `taobao_menu` WHERE `controller` = 'Articlecolumn' LIMIT 1   [ RunTime:0.0050s ]
SQL: SELECT * FROM `taobao_menu` WHERE `id` = 1 LIMIT 1   [ RunTime:0.0060s ]
SQL: SHOW COLUMNS FROM `taobao_articlecolumn` [ RunTime:0.0100s ]
SQL: SELECT COUNT(*) AS tp_count FROM `taobao_articlecolumn` LIMIT 1   [ RunTime:0.0070s ]
SQL: SELECT * FROM `taobao_articlecolumn` ORDER BY id desc LIMIT 0,25   [ RunTime:0.0060s ]
INFO: [ view_parse ] --START--
INFO: [ template_filter ] --START--
INFO: Run Behavior\ContentReplaceBehavior [ RunTime:0.000000s ]
INFO: [ template_filter ] --END-- [ RunTime:0.000000s ]
INFO: Run Behavior\ParseTemplateBehavior [ RunTime:0.025001s ]
INFO: [ view_parse ] --END-- [ RunTime:0.025001s ]
INFO: [ view_filter ] --START--
INFO: Run Behavior\WriteHtmlCacheBehavior [ RunTime:0.001000s ]
INFO: [ view_filter ] --END-- [ RunTime:0.001000s ]
INFO: [ app_end ] --START--
INFO: Run Behavior\ShowPageTraceBehavior [ RunTime:0.001000s ]
INFO: [ app_end ] --END-- [ RunTime:0.001000s ]

[ 2016-01-22T10:46:23+08:00 ] 127.0.0.1 /index.php?m=Admin&c=Menu&a=index
INFO: [ app_init ] --START--
INFO: Run Behavior\BuildLiteBehavior [ RunTime:0.000000s ]
INFO: [ app_init ] --END-- [ RunTime:0.001001s ]
INFO: [ app_begin ] --START--
INFO: Run Behavior\ReadHtmlCacheBehavior [ RunTime:0.001000s ]
INFO: [ app_begin ] --END-- [ RunTime:0.001000s ]
NOTIC: [2048] Declaration of Admin\Controller\CareController::show() should be compatible with Think\Controller::show($content, $charset = '', $contentType = '', $prefix = '') D:\www\taobao\Application\Admin\Controller\CareController.class.php 第 185 行.
SQL: SHOW COLUMNS FROM `taobao_menu` [ RunTime:0.0090s ]
SQL: SELECT * FROM `taobao_menu` WHERE `is_show` = 1 ORDER BY sort asc  [ RunTime:0.0070s ]
SQL: SELECT * FROM `taobao_menu` WHERE `controller` = 'Menu' LIMIT 1   [ RunTime:0.0070s ]
SQL: SELECT * FROM `taobao_menu` WHERE `id` = 1 LIMIT 1   [ RunTime:0.0070s ]
SQL: SELECT * FROM `taobao_menu` ORDER BY sort asc  [ RunTime:0.0070s ]
INFO: [ view_parse ] --START--
INFO: [ template_filter ] --START--
INFO: Run Behavior\ContentReplaceBehavior [ RunTime:0.000000s ]
INFO: [ template_filter ] --END-- [ RunTime:0.000000s ]
INFO: Run Behavior\ParseTemplateBehavior [ RunTime:0.024001s ]
INFO: [ view_parse ] --END-- [ RunTime:0.024001s ]
INFO: [ view_filter ] --START--
INFO: Run Behavior\WriteHtmlCacheBehavior [ RunTime:0.001000s ]
INFO: [ view_filter ] --END-- [ RunTime:0.001000s ]
INFO: [ app_end ] --START--
INFO: Run Behavior\ShowPageTraceBehavior [ RunTime:0.000000s ]
INFO: [ app_end ] --END-- [ RunTime:0.000000s ]

[ 2016-01-22T10:46:23+08:00 ] 127.0.0.1 /index.php?m=Admin&c=Shopcolumn&a=index
INFO: [ app_init ] --START--
INFO: Run Behavior\BuildLiteBehavior [ RunTime:0.000000s ]
INFO: [ app_init ] --END-- [ RunTime:0.001000s ]
INFO: [ app_begin ] --START--
INFO: Run Behavior\ReadHtmlCacheBehavior [ RunTime:0.000000s ]
INFO: [ app_begin ] --END-- [ RunTime:0.000000s ]
NOTIC: [2048] Declaration of Admin\Controller\CareController::show() should be compatible with Think\Controller::show($content, $charset = '', $contentType = '', $prefix = '') D:\www\taobao\Application\Admin\Controller\CareController.class.php 第 185 行.
SQL: SHOW COLUMNS FROM `taobao_menu` [ RunTime:0.0140s ]
SQL: SELECT * FROM `taobao_menu` WHERE `is_show` = 1 ORDER BY sort asc  [ RunTime:0.0070s ]
SQL: SELECT * FROM `taobao_menu` WHERE `controller` = 'Shopcolumn' LIMIT 1   [ RunTime:0.0080s ]
SQL: SELECT * FROM `taobao_menu` WHERE `id` = 1 LIMIT 1   [ RunTime:0.0050s ]
SQL: SHOW COLUMNS FROM `taobao_shopcolumn` [ RunTime:0.0110s ]
SQL: SELECT * FROM `taobao_shopcolumn`  [ RunTime:0.0070s ]
INFO: [ view_parse ] --START--
INFO: [ template_filter ] --START--
INFO: Run Behavior\ContentReplaceBehavior [ RunTime:0.000000s ]
INFO: [ template_filter ] --END-- [ RunTime:0.000000s ]
INFO: Run Behavior\ParseTemplateBehavior [ RunTime:0.016001s ]
INFO: [ view_parse ] --END-- [ RunTime:0.016001s ]
INFO: [ view_filter ] --START--
INFO: Run Behavior\WriteHtmlCacheBehavior [ RunTime:0.000000s ]
INFO: [ view_filter ] --END-- [ RunTime:0.000000s ]
INFO: [ app_end ] --START--
INFO: Run Behavior\ShowPageTraceBehavior [ RunTime:0.001000s ]
INFO: [ app_end ] --END-- [ RunTime:0.001000s ]

[ 2016-01-22T10:46:24+08:00 ] 127.0.0.1 /index.php?m=Admin&c=Webset&a=one&id=1
INFO: [ app_init ] --START--
INFO: Run Behavior\BuildLiteBehavior [ RunTime:0.000000s ]
INFO: [ app_init ] --END-- [ RunTime:0.000000s ]
INFO: [ app_begin ] --START--
INFO: Run Behavior\ReadHtmlCacheBehavior [ RunTime:0.001000s ]
INFO: [ app_begin ] --END-- [ RunTime:0.001000s ]
NOTIC: [2048] Declaration of Admin\Controller\CareController::show() should be compatible with Think\Controller::show($content, $charset = '', $contentType = '', $prefix = '') D:\www\taobao\Application\Admin\Controller\CareController.class.php 第 185 行.
SQL: SHOW COLUMNS FROM `taobao_menu` [ RunTime:0.0200s ]
SQL: SELECT * FROM `taobao_menu` WHERE `is_show` = 1 ORDER BY sort asc  [ RunTime:0.0060s ]
SQL: SELECT * FROM `taobao_menu` WHERE `controller` = 'Webset' LIMIT 1   [ RunTime:0.0080s ]
SQL: SELECT * FROM `taobao_menu` WHERE `id` = 1 LIMIT 1   [ RunTime:0.0050s ]
SQL: SHOW COLUMNS FROM `taobao_webset` [ RunTime:0.0320s ]
SQL: SELECT * FROM `taobao_webset` WHERE `id` = 1 LIMIT 1   [ RunTime:0.0070s ]
INFO: [ view_parse ] --START--
INFO: [ template_filter ] --START--
INFO: Run Behavior\ContentReplaceBehavior [ RunTime:0.000000s ]
INFO: [ template_filter ] --END-- [ RunTime:0.000000s ]
INFO: Run Behavior\ParseTemplateBehavior [ RunTime:0.022001s ]
INFO: [ view_parse ] --END-- [ RunTime:0.022001s ]
INFO: [ view_filter ] --START--
INFO: Run Behavior\WriteHtmlCacheBehavior [ RunTime:0.001000s ]
INFO: [ view_filter ] --END-- [ RunTime:0.001000s ]
INFO: [ app_end ] --START--
INFO: Run Behavior\ShowPageTraceBehavior [ RunTime:0.000000s ]
INFO: [ app_end ] --END-- [ RunTime:0.000000s ]

[ 2016-01-22T10:46:24+08:00 ] 127.0.0.1 /index.php?m=Admin&c=Shop&a=index
INFO: [ app_init ] --START--
INFO: Run Behavior\BuildLiteBehavior [ RunTime:0.000000s ]
INFO: [ app_init ] --END-- [ RunTime:0.001000s ]
INFO: [ app_begin ] --START--
INFO: Run Behavior\ReadHtmlCacheBehavior [ RunTime:0.000000s ]
INFO: [ app_begin ] --END-- [ RunTime:0.000000s ]
NOTIC: [2048] Declaration of Admin\Controller\CareController::show() should be compatible with Think\Controller::show($content, $charset = '', $contentType = '', $prefix = '') D:\www\taobao\Application\Admin\Controller\CareController.class.php 第 185 行.
SQL: SHOW COLUMNS FROM `taobao_menu` [ RunTime:0.0100s ]
SQL: SELECT * FROM `taobao_menu` WHERE `is_show` = 1 ORDER BY sort asc  [ RunTime:0.0070s ]
SQL: SELECT * FROM `taobao_menu` WHERE `controller` = 'Shop' LIMIT 1   [ RunTime:0.0050s ]
SQL: SELECT * FROM `taobao_menu` WHERE `id` = 1 LIMIT 1   [ RunTime:0.0070s ]
SQL: SHOW COLUMNS FROM `taobao_shop` [ RunTime:0.0160s ]
SQL: SELECT COUNT(*) AS tp_count FROM `taobao_shop` LIMIT 1   [ RunTime:0.0080s ]
SQL: SELECT * FROM `taobao_shop` ORDER BY id desc LIMIT 0,25   [ RunTime:0.0060s ]
INFO: [ view_parse ] --START--
INFO: [ template_filter ] --START--
INFO: Run Behavior\ContentReplaceBehavior [ RunTime:0.000000s ]
INFO: [ template_filter ] --END-- [ RunTime:0.000000s ]
INFO: Run Behavior\ParseTemplateBehavior [ RunTime:0.009001s ]
INFO: [ view_parse ] --END-- [ RunTime:0.009001s ]
INFO: [ view_filter ] --START--
INFO: Run Behavior\WriteHtmlCacheBehavior [ RunTime:0.000000s ]
INFO: [ view_filter ] --END-- [ RunTime:0.000000s ]
INFO: [ app_end ] --START--
INFO: Run Behavior\ShowPageTraceBehavior [ RunTime:0.000000s ]
INFO: [ app_end ] --END-- [ RunTime:0.000000s ]

[ 2016-01-22T10:46:25+08:00 ] 127.0.0.1 /index.php?m=Admin&c=Ad&a=index
INFO: [ app_init ] --START--
INFO: Run Behavior\BuildLiteBehavior [ RunTime:0.000000s ]
INFO: [ app_init ] --END-- [ RunTime:0.001000s ]
INFO: [ app_begin ] --START--
INFO: Run Behavior\ReadHtmlCacheBehavior [ RunTime:0.001000s ]
INFO: [ app_begin ] --END-- [ RunTime:0.001000s ]
NOTIC: [2048] Declaration of Admin\Controller\CareController::show() should be compatible with Think\Controller::show($content, $charset = '', $contentType = '', $prefix = '') D:\www\taobao\Application\Admin\Controller\CareController.class.php 第 185 行.
SQL: SHOW COLUMNS FROM `taobao_menu` [ RunTime:0.0090s ]
SQL: SELECT * FROM `taobao_menu` WHERE `is_show` = 1 ORDER BY sort asc  [ RunTime:0.0070s ]
SQL: SELECT * FROM `taobao_menu` WHERE `controller` = 'Ad' LIMIT 1   [ RunTime:0.0060s ]
SQL: SELECT * FROM `taobao_menu` WHERE `id` = 1 LIMIT 1   [ RunTime:0.0080s ]
SQL: SHOW COLUMNS FROM `taobao_ad` [ RunTime:0.0150s ]
SQL: SELECT COUNT(*) AS tp_count FROM `taobao_ad` LIMIT 1   [ RunTime:0.0080s ]
SQL: SELECT * FROM `taobao_ad` ORDER BY id desc LIMIT 0,25   [ RunTime:0.0060s ]
INFO: [ view_parse ] --START--
INFO: [ template_filter ] --START--
INFO: Run Behavior\ContentReplaceBehavior [ RunTime:0.000000s ]
INFO: [ template_filter ] --END-- [ RunTime:0.000000s ]
INFO: Run Behavior\ParseTemplateBehavior [ RunTime:0.007001s ]
INFO: [ view_parse ] --END-- [ RunTime:0.007001s ]
INFO: [ view_filter ] --START--
INFO: Run Behavior\WriteHtmlCacheBehavior [ RunTime:0.001000s ]
INFO: [ view_filter ] --END-- [ RunTime:0.001000s ]
INFO: [ app_end ] --START--
INFO: Run Behavior\ShowPageTraceBehavior [ RunTime:0.000000s ]
INFO: [ app_end ] --END-- [ RunTime:0.000000s ]

[ 2016-01-22T10:46:25+08:00 ] 127.0.0.1 /index.php/Admin/Ad/one
INFO: [ app_init ] --START--
INFO: Run Behavior\BuildLiteBehavior [ RunTime:0.000000s ]
INFO: [ app_init ] --END-- [ RunTime:0.000000s ]
INFO: [ app_begin ] --START--
INFO: Run Behavior\ReadHtmlCacheBehavior [ RunTime:0.001000s ]
INFO: [ app_begin ] --END-- [ RunTime:0.001000s ]
NOTIC: [2048] Declaration of Admin\Controller\CareController::show() should be compatible with Think\Controller::show($content, $charset = '', $contentType = '', $prefix = '') D:\www\taobao\Application\Admin\Controller\CareController.class.php 第 185 行.
SQL: SHOW COLUMNS FROM `taobao_menu` [ RunTime:0.0140s ]
SQL: SELECT * FROM `taobao_menu` WHERE `is_show` = 1 ORDER BY sort asc  [ RunTime:0.0070s ]
SQL: SELECT * FROM `taobao_menu` WHERE `controller` = 'Ad' LIMIT 1   [ RunTime:0.0210s ]
SQL: SELECT * FROM `taobao_menu` WHERE `id` = 1 LIMIT 1   [ RunTime:0.0060s ]
SQL: SHOW COLUMNS FROM `taobao_ad` [ RunTime:0.0120s ]
NOTIC: [8] Undefined index: id D:\www\taobao\Application\Admin\Controller\CareController.class.php 第 65 行.
INFO: [ view_parse ] --START--
INFO: [ template_filter ] --START--
INFO: Run Behavior\ContentReplaceBehavior [ RunTime:0.000000s ]
INFO: [ template_filter ] --END-- [ RunTime:0.000000s ]
NOTIC: [8] Undefined variable: one D:\www\taobao\Application\Runtime\Cache\Admin\ff63dc856922279fb5d11ee29c36a7ea.php 第 72 行.
NOTIC: [8] Undefined variable: one D:\www\taobao\Application\Runtime\Cache\Admin\ff63dc856922279fb5d11ee29c36a7ea.php 第 76 行.
NOTIC: [8] Undefined variable: one D:\www\taobao\Application\Runtime\Cache\Admin\ff63dc856922279fb5d11ee29c36a7ea.php 第 82 行.
NOTIC: [8] Undefined variable: one D:\www\taobao\Application\Runtime\Cache\Admin\ff63dc856922279fb5d11ee29c36a7ea.php 第 90 行.
INFO: Run Behavior\ParseTemplateBehavior [ RunTime:0.029002s ]
INFO: [ view_parse ] --END-- [ RunTime:0.029002s ]
INFO: [ view_filter ] --START--
INFO: Run Behavior\WriteHtmlCacheBehavior [ RunTime:0.000000s ]
INFO: [ view_filter ] --END-- [ RunTime:0.000000s ]
INFO: [ app_end ] --START--
INFO: Run Behavior\ShowPageTraceBehavior [ RunTime:0.001000s ]
INFO: [ app_end ] --END-- [ RunTime:0.001000s ]

[ 2016-01-22T10:46:28+08:00 ] 127.0.0.1 /index.php/Admin/Ad/flist?id=1
INFO: [ app_init ] --START--
INFO: Run Behavior\BuildLiteBehavior [ RunTime:0.000000s ]
INFO: [ app_init ] --END-- [ RunTime:0.000000s ]
INFO: [ app_begin ] --START--
INFO: Run Behavior\ReadHtmlCacheBehavior [ RunTime:0.000000s ]
INFO: [ app_begin ] --END-- [ RunTime:0.000000s ]
NOTIC: [2048] Declaration of Admin\Controller\CareController::show() should be compatible with Think\Controller::show($content, $charset = '', $contentType = '', $prefix = '') D:\www\taobao\Application\Admin\Controller\CareController.class.php 第 185 行.
SQL: SHOW COLUMNS FROM `taobao_menu` [ RunTime:0.0110s ]
SQL: SELECT * FROM `taobao_menu` WHERE `is_show` = 1 ORDER BY sort asc  [ RunTime:0.0070s ]
SQL: SELECT * FROM `taobao_menu` WHERE `controller` = 'Ad' LIMIT 1   [ RunTime:0.0060s ]
SQL: SELECT * FROM `taobao_menu` WHERE `id` = 1 LIMIT 1   [ RunTime:0.0070s ]
SQL: SHOW COLUMNS FROM `taobao_ad` [ RunTime:0.0130s ]
SQL: SELECT * FROM `taobao_ad` WHERE `id` = 1 LIMIT 1   [ RunTime:0.0060s ]
SQL: SHOW COLUMNS FROM `taobao_adbody` [ RunTime:0.0210s ]
SQL: SELECT * FROM `taobao_adbody` ORDER BY sort desc  [ RunTime:0.0070s ]
INFO: [ view_parse ] --START--
INFO: [ template_filter ] --START--
INFO: Run Behavior\ContentReplaceBehavior [ RunTime:0.001000s ]
INFO: [ template_filter ] --END-- [ RunTime:0.001000s ]
INFO: Run Behavior\ParseTemplateBehavior [ RunTime:0.013001s ]
INFO: [ view_parse ] --END-- [ RunTime:0.013001s ]
INFO: [ view_filter ] --START--
INFO: Run Behavior\WriteHtmlCacheBehavior [ RunTime:0.000000s ]
INFO: [ view_filter ] --END-- [ RunTime:0.000000s ]
INFO: [ app_end ] --START--
INFO: Run Behavior\ShowPageTraceBehavior [ RunTime:0.001000s ]
INFO: [ app_end ] --END-- [ RunTime:0.001000s ]

[ 2016-01-22T10:46:29+08:00 ] 127.0.0.1 /index.php/Admin/Ad/fone?id=1&aid=1
INFO: [ app_init ] --START--
INFO: Run Behavior\BuildLiteBehavior [ RunTime:0.000000s ]
INFO: [ app_init ] --END-- [ RunTime:0.001000s ]
INFO: [ app_begin ] --START--
INFO: Run Behavior\ReadHtmlCacheBehavior [ RunTime:0.001000s ]
INFO: [ app_begin ] --END-- [ RunTime:0.001000s ]
NOTIC: [2048] Declaration of Admin\Controller\CareController::show() should be compatible with Think\Controller::show($content, $charset = '', $contentType = '', $prefix = '') D:\www\taobao\Application\Admin\Controller\CareController.class.php 第 185 行.
SQL: SHOW COLUMNS FROM `taobao_menu` [ RunTime:0.0130s ]
SQL: SELECT * FROM `taobao_menu` WHERE `is_show` = 1 ORDER BY sort asc  [ RunTime:0.0050s ]
SQL: SELECT * FROM `taobao_menu` WHERE `controller` = 'Ad' LIMIT 1   [ RunTime:0.0080s ]
SQL: SELECT * FROM `taobao_menu` WHERE `id` = 1 LIMIT 1   [ RunTime:0.0070s ]
SQL: SHOW COLUMNS FROM `taobao_ad` [ RunTime:0.0130s ]
SQL: SELECT * FROM `taobao_ad` WHERE `id` = 1 LIMIT 1   [ RunTime:0.0060s ]
SQL: SHOW COLUMNS FROM `taobao_adbody` [ RunTime:0.0130s ]
SQL: SELECT * FROM `taobao_adbody` WHERE `id` = 1 LIMIT 1   [ RunTime:0.0090s ]
INFO: [ view_parse ] --START--
INFO: [ template_filter ] --START--
INFO: Run Behavior\ContentReplaceBehavior [ RunTime:0.000000s ]
INFO: [ template_filter ] --END-- [ RunTime:0.000000s ]
INFO: Run Behavior\ParseTemplateBehavior [ RunTime:0.011001s ]
INFO: [ view_parse ] --END-- [ RunTime:0.011001s ]
INFO: [ view_filter ] --START--
INFO: Run Behavior\WriteHtmlCacheBehavior [ RunTime:0.001000s ]
INFO: [ view_filter ] --END-- [ RunTime:0.001000s ]
INFO: [ app_end ] --START--
INFO: Run Behavior\ShowPageTraceBehavior [ RunTime:0.001000s ]
INFO: [ app_end ] --END-- [ RunTime:0.001000s ]

