[ 2016-01-12T14:49:24+08:00 ] 127.0.0.1 /index.php?m=admin
INFO: [ app_init ] --START--
INFO: Run Behavior\BuildLiteBehavior [ RunTime:0.000000s ]
INFO: [ app_init ] --END-- [ RunTime:0.041002s ]
INFO: [ app_begin ] --START--
INFO: Run Behavior\ReadHtmlCacheBehavior [ RunTime:0.022001s ]
INFO: [ app_begin ] --END-- [ RunTime:0.022001s ]

[ 2016-01-12T14:49:24+08:00 ] 127.0.0.1 /index.php?m=Admin&c=Index&a=login
INFO: [ app_init ] --START--
INFO: Run Behavior\BuildLiteBehavior [ RunTime:0.000000s ]
INFO: [ app_init ] --END-- [ RunTime:0.000000s ]
INFO: [ app_begin ] --START--
INFO: Run Behavior\ReadHtmlCacheBehavior [ RunTime:0.000000s ]
INFO: [ app_begin ] --END-- [ RunTime:0.000000s ]
INFO: [ view_parse ] --START--
INFO: [ template_filter ] --START--
INFO: Run Behavior\ContentReplaceBehavior [ RunTime:0.002000s ]
INFO: [ template_filter ] --END-- [ RunTime:0.002000s ]
INFO: Run Behavior\ParseTemplateBehavior [ RunTime:0.051003s ]
INFO: [ view_parse ] --END-- [ RunTime:0.051003s ]
INFO: [ view_filter ] --START--
INFO: Run Behavior\WriteHtmlCacheBehavior [ RunTime:0.013001s ]
INFO: [ view_filter ] --END-- [ RunTime:0.013001s ]
INFO: [ app_end ] --START--
INFO: Run Behavior\ShowPageTraceBehavior [ RunTime:0.012001s ]
INFO: [ app_end ] --END-- [ RunTime:0.012001s ]

[ 2016-01-12T14:49:29+08:00 ] 127.0.0.1 /index.php/Admin/Index/check_login
INFO: [ app_init ] --START--
INFO: Run Behavior\BuildLiteBehavior [ RunTime:0.000000s ]
INFO: [ app_init ] --END-- [ RunTime:0.000000s ]
INFO: [ app_begin ] --START--
INFO: Run Behavior\ReadHtmlCacheBehavior [ RunTime:0.001000s ]
INFO: [ app_begin ] --END-- [ RunTime:0.001000s ]
SQL: SHOW COLUMNS FROM `taobao_admin` [ RunTime:0.0490s ]
SQL: SELECT * FROM `taobao_admin` WHERE `username` = 'admin' AND `userpwd` = '21232f297a57a5a743894a0e4a801fc3' LIMIT 1   [ RunTime:0.0020s ]

[ 2016-01-12T14:49:29+08:00 ] 127.0.0.1 /index.php?m=Admin&c=Index&a=index
INFO: [ app_init ] --START--
INFO: Run Behavior\BuildLiteBehavior [ RunTime:0.000000s ]
INFO: [ app_init ] --END-- [ RunTime:0.000000s ]
INFO: [ app_begin ] --START--
INFO: Run Behavior\ReadHtmlCacheBehavior [ RunTime:0.001000s ]
INFO: [ app_begin ] --END-- [ RunTime:0.001000s ]
NOTIC: [2048] Declaration of Admin\Controller\CareController::show() should be compatible with Think\Controller::show($content, $charset = '', $contentType = '', $prefix = '') D:\www\taobao\Application\Admin\Controller\CareController.class.php 第 185 行.
SQL: SHOW COLUMNS FROM `taobao_menu` [ RunTime:0.0460s ]
SQL: SELECT * FROM `taobao_menu` WHERE `is_show` = 1 ORDER BY sort asc  [ RunTime:0.0000s ]
SQL: SELECT * FROM `taobao_menu` WHERE `controller` = 'Index' LIMIT 1   [ RunTime:0.0000s ]
SQL: SELECT * FROM `taobao_menu` WHERE `is_show` = 1 ORDER BY sort asc  [ RunTime:0.0010s ]
INFO: [ view_parse ] --START--
INFO: [ template_filter ] --START--
INFO: Run Behavior\ContentReplaceBehavior [ RunTime:0.000000s ]
INFO: [ template_filter ] --END-- [ RunTime:0.000000s ]
INFO: Run Behavior\ParseTemplateBehavior [ RunTime:0.066004s ]
INFO: [ view_parse ] --END-- [ RunTime:0.067004s ]
INFO: [ view_filter ] --START--
INFO: Run Behavior\WriteHtmlCacheBehavior [ RunTime:0.000000s ]
INFO: [ view_filter ] --END-- [ RunTime:0.000000s ]
INFO: [ app_end ] --START--
INFO: Run Behavior\ShowPageTraceBehavior [ RunTime:0.002000s ]
INFO: [ app_end ] --END-- [ RunTime:0.002000s ]

[ 2016-01-12T14:49:41+08:00 ] 127.0.0.1 /index.php?m=Admin&c=Shop&a=index
INFO: [ app_init ] --START--
INFO: Run Behavior\BuildLiteBehavior [ RunTime:0.000000s ]
INFO: [ app_init ] --END-- [ RunTime:0.001000s ]
INFO: [ app_begin ] --START--
INFO: Run Behavior\ReadHtmlCacheBehavior [ RunTime:0.000000s ]
INFO: [ app_begin ] --END-- [ RunTime:0.000000s ]
NOTIC: [2048] Declaration of Admin\Controller\CareController::show() should be compatible with Think\Controller::show($content, $charset = '', $contentType = '', $prefix = '') D:\www\taobao\Application\Admin\Controller\CareController.class.php 第 185 行.
SQL: SHOW COLUMNS FROM `taobao_menu` [ RunTime:0.0010s ]
SQL: SELECT * FROM `taobao_menu` WHERE `is_show` = 1 ORDER BY sort asc  [ RunTime:0.0000s ]
SQL: SELECT * FROM `taobao_menu` WHERE `controller` = 'Shop' LIMIT 1   [ RunTime:0.0000s ]
SQL: SELECT * FROM `taobao_menu` WHERE `id` = 1 LIMIT 1   [ RunTime:0.0000s ]
SQL: SHOW COLUMNS FROM `taobao_shop` [ RunTime:0.0200s ]
SQL: SELECT COUNT(*) AS tp_count FROM `taobao_shop` LIMIT 1   [ RunTime:0.0230s ]
SQL: SELECT * FROM `taobao_shop` ORDER BY id desc LIMIT 0,25   [ RunTime:0.0000s ]
INFO: [ view_parse ] --START--
INFO: [ template_filter ] --START--
INFO: Run Behavior\ContentReplaceBehavior [ RunTime:0.000000s ]
INFO: [ template_filter ] --END-- [ RunTime:0.000000s ]
INFO: Run Behavior\ParseTemplateBehavior [ RunTime:0.034001s ]
INFO: [ view_parse ] --END-- [ RunTime:0.034001s ]
INFO: [ view_filter ] --START--
INFO: Run Behavior\WriteHtmlCacheBehavior [ RunTime:0.000000s ]
INFO: [ view_filter ] --END-- [ RunTime:0.001001s ]
INFO: [ app_end ] --START--
INFO: Run Behavior\ShowPageTraceBehavior [ RunTime:0.001000s ]
INFO: [ app_end ] --END-- [ RunTime:0.001000s ]

[ 2016-01-12T14:49:45+08:00 ] 127.0.0.1 /index.php?m=Admin&c=Article&a=index
INFO: [ app_init ] --START--
INFO: Run Behavior\BuildLiteBehavior [ RunTime:0.000000s ]
INFO: [ app_init ] --END-- [ RunTime:0.000000s ]
INFO: [ app_begin ] --START--
INFO: Run Behavior\ReadHtmlCacheBehavior [ RunTime:0.000000s ]
INFO: [ app_begin ] --END-- [ RunTime:0.000000s ]
NOTIC: [2048] Declaration of Admin\Controller\CareController::show() should be compatible with Think\Controller::show($content, $charset = '', $contentType = '', $prefix = '') D:\www\taobao\Application\Admin\Controller\CareController.class.php 第 185 行.
SQL: SHOW COLUMNS FROM `taobao_menu` [ RunTime:0.0020s ]
SQL: SELECT * FROM `taobao_menu` WHERE `is_show` = 1 ORDER BY sort asc  [ RunTime:0.0000s ]
SQL: SELECT * FROM `taobao_menu` WHERE `controller` = 'Article' LIMIT 1   [ RunTime:0.0010s ]
SQL: SELECT * FROM `taobao_menu` WHERE `id` = 1 LIMIT 1   [ RunTime:0.0000s ]
SQL: SHOW COLUMNS FROM `taobao_article` [ RunTime:0.0410s ]
SQL: SELECT COUNT(*) AS tp_count FROM `taobao_article` LIMIT 1   [ RunTime:0.0010s ]
SQL: SELECT * FROM `taobao_article` ORDER BY id desc LIMIT 0,25   [ RunTime:0.0000s ]
INFO: [ view_parse ] --START--
INFO: [ template_filter ] --START--
INFO: Run Behavior\ContentReplaceBehavior [ RunTime:0.000000s ]
INFO: [ template_filter ] --END-- [ RunTime:0.000000s ]
INFO: Run Behavior\ParseTemplateBehavior [ RunTime:0.012000s ]
INFO: [ view_parse ] --END-- [ RunTime:0.013000s ]
INFO: [ view_filter ] --START--
INFO: Run Behavior\WriteHtmlCacheBehavior [ RunTime:0.000000s ]
INFO: [ view_filter ] --END-- [ RunTime:0.000000s ]
INFO: [ app_end ] --START--
INFO: Run Behavior\ShowPageTraceBehavior [ RunTime:0.000000s ]
INFO: [ app_end ] --END-- [ RunTime:0.000000s ]

[ 2016-01-12T14:49:46+08:00 ] 127.0.0.1 /index.php?m=Admin&c=Articlecolumn&a=index
INFO: [ app_init ] --START--
INFO: Run Behavior\BuildLiteBehavior [ RunTime:0.000000s ]
INFO: [ app_init ] --END-- [ RunTime:0.000000s ]
INFO: [ app_begin ] --START--
INFO: Run Behavior\ReadHtmlCacheBehavior [ RunTime:0.001000s ]
INFO: [ app_begin ] --END-- [ RunTime:0.001000s ]
NOTIC: [2048] Declaration of Admin\Controller\CareController::show() should be compatible with Think\Controller::show($content, $charset = '', $contentType = '', $prefix = '') D:\www\taobao\Application\Admin\Controller\CareController.class.php 第 185 行.
SQL: SHOW COLUMNS FROM `taobao_menu` [ RunTime:0.0020s ]
SQL: SELECT * FROM `taobao_menu` WHERE `is_show` = 1 ORDER BY sort asc  [ RunTime:0.0000s ]
SQL: SELECT * FROM `taobao_menu` WHERE `controller` = 'Articlecolumn' LIMIT 1   [ RunTime:0.0010s ]
SQL: SELECT * FROM `taobao_menu` WHERE `id` = 1 LIMIT 1   [ RunTime:0.0000s ]
SQL: SHOW COLUMNS FROM `taobao_articlecolumn` [ RunTime:0.0330s ]
SQL: SELECT COUNT(*) AS tp_count FROM `taobao_articlecolumn` LIMIT 1   [ RunTime:0.0000s ]
SQL: SELECT * FROM `taobao_articlecolumn` ORDER BY id desc LIMIT 0,25   [ RunTime:0.0000s ]
INFO: [ view_parse ] --START--
INFO: [ template_filter ] --START--
INFO: Run Behavior\ContentReplaceBehavior [ RunTime:0.000000s ]
INFO: [ template_filter ] --END-- [ RunTime:0.000000s ]
INFO: Run Behavior\ParseTemplateBehavior [ RunTime:0.022001s ]
INFO: [ view_parse ] --END-- [ RunTime:0.022001s ]
INFO: [ view_filter ] --START--
INFO: Run Behavior\WriteHtmlCacheBehavior [ RunTime:0.001000s ]
INFO: [ view_filter ] --END-- [ RunTime:0.001000s ]
INFO: [ app_end ] --START--
INFO: Run Behavior\ShowPageTraceBehavior [ RunTime:0.000000s ]
INFO: [ app_end ] --END-- [ RunTime:0.000000s ]

[ 2016-01-12T14:49:47+08:00 ] 127.0.0.1 /index.php?m=Admin&c=Shopcolumn&a=index
INFO: [ app_init ] --START--
INFO: Run Behavior\BuildLiteBehavior [ RunTime:0.000000s ]
INFO: [ app_init ] --END-- [ RunTime:0.000000s ]
INFO: [ app_begin ] --START--
INFO: Run Behavior\ReadHtmlCacheBehavior [ RunTime:0.000000s ]
INFO: [ app_begin ] --END-- [ RunTime:0.000000s ]
NOTIC: [2048] Declaration of Admin\Controller\CareController::show() should be compatible with Think\Controller::show($content, $charset = '', $contentType = '', $prefix = '') D:\www\taobao\Application\Admin\Controller\CareController.class.php 第 185 行.
SQL: SHOW COLUMNS FROM `taobao_menu` [ RunTime:0.0010s ]
SQL: SELECT * FROM `taobao_menu` WHERE `is_show` = 1 ORDER BY sort asc  [ RunTime:0.0000s ]
SQL: SELECT * FROM `taobao_menu` WHERE `controller` = 'Shopcolumn' LIMIT 1   [ RunTime:0.0000s ]
SQL: SELECT * FROM `taobao_menu` WHERE `id` = 1 LIMIT 1   [ RunTime:0.0000s ]
SQL: SHOW COLUMNS FROM `taobao_shopcolumn` [ RunTime:0.0220s ]
SQL: SELECT * FROM `taobao_shopcolumn`  [ RunTime:0.0010s ]
INFO: [ view_parse ] --START--
INFO: [ template_filter ] --START--
INFO: Run Behavior\ContentReplaceBehavior [ RunTime:0.000000s ]
INFO: [ template_filter ] --END-- [ RunTime:0.000000s ]
INFO: Run Behavior\ParseTemplateBehavior [ RunTime:0.013000s ]
INFO: [ view_parse ] --END-- [ RunTime:0.013000s ]
INFO: [ view_filter ] --START--
INFO: Run Behavior\WriteHtmlCacheBehavior [ RunTime:0.000000s ]
INFO: [ view_filter ] --END-- [ RunTime:0.000000s ]
INFO: [ app_end ] --START--
INFO: Run Behavior\ShowPageTraceBehavior [ RunTime:0.001001s ]
INFO: [ app_end ] --END-- [ RunTime:0.001001s ]

[ 2016-01-12T14:49:48+08:00 ] 127.0.0.1 /index.php?m=Admin&c=Menu&a=index
INFO: [ app_init ] --START--
INFO: Run Behavior\BuildLiteBehavior [ RunTime:0.000000s ]
INFO: [ app_init ] --END-- [ RunTime:0.000000s ]
INFO: [ app_begin ] --START--
INFO: Run Behavior\ReadHtmlCacheBehavior [ RunTime:0.000000s ]
INFO: [ app_begin ] --END-- [ RunTime:0.000000s ]
NOTIC: [2048] Declaration of Admin\Controller\CareController::show() should be compatible with Think\Controller::show($content, $charset = '', $contentType = '', $prefix = '') D:\www\taobao\Application\Admin\Controller\CareController.class.php 第 185 行.
SQL: SHOW COLUMNS FROM `taobao_menu` [ RunTime:0.0010s ]
SQL: SELECT * FROM `taobao_menu` WHERE `is_show` = 1 ORDER BY sort asc  [ RunTime:0.0000s ]
SQL: SELECT * FROM `taobao_menu` WHERE `controller` = 'Menu' LIMIT 1   [ RunTime:0.0000s ]
SQL: SELECT * FROM `taobao_menu` WHERE `id` = 1 LIMIT 1   [ RunTime:0.0000s ]
SQL: SELECT * FROM `taobao_menu` ORDER BY sort asc  [ RunTime:0.0010s ]
INFO: [ view_parse ] --START--
INFO: [ template_filter ] --START--
INFO: Run Behavior\ContentReplaceBehavior [ RunTime:0.000000s ]
INFO: [ template_filter ] --END-- [ RunTime:0.000000s ]
INFO: Run Behavior\ParseTemplateBehavior [ RunTime:0.052003s ]
INFO: [ view_parse ] --END-- [ RunTime:0.052003s ]
INFO: [ view_filter ] --START--
INFO: Run Behavior\WriteHtmlCacheBehavior [ RunTime:0.001000s ]
INFO: [ view_filter ] --END-- [ RunTime:0.001000s ]
INFO: [ app_end ] --START--
INFO: Run Behavior\ShowPageTraceBehavior [ RunTime:0.000000s ]
INFO: [ app_end ] --END-- [ RunTime:0.000000s ]

[ 2016-01-12T14:49:49+08:00 ] 127.0.0.1 /index.php?m=Admin&c=Shopcolumn&a=index
INFO: [ app_init ] --START--
INFO: Run Behavior\BuildLiteBehavior [ RunTime:0.000000s ]
INFO: [ app_init ] --END-- [ RunTime:0.000000s ]
INFO: [ app_begin ] --START--
INFO: Run Behavior\ReadHtmlCacheBehavior [ RunTime:0.000000s ]
INFO: [ app_begin ] --END-- [ RunTime:0.000000s ]
NOTIC: [2048] Declaration of Admin\Controller\CareController::show() should be compatible with Think\Controller::show($content, $charset = '', $contentType = '', $prefix = '') D:\www\taobao\Application\Admin\Controller\CareController.class.php 第 185 行.
SQL: SHOW COLUMNS FROM `taobao_menu` [ RunTime:0.0020s ]
SQL: SELECT * FROM `taobao_menu` WHERE `is_show` = 1 ORDER BY sort asc  [ RunTime:0.0000s ]
SQL: SELECT * FROM `taobao_menu` WHERE `controller` = 'Shopcolumn' LIMIT 1   [ RunTime:0.0000s ]
SQL: SELECT * FROM `taobao_menu` WHERE `id` = 1 LIMIT 1   [ RunTime:0.0000s ]
SQL: SHOW COLUMNS FROM `taobao_shopcolumn` [ RunTime:0.0010s ]
SQL: SELECT * FROM `taobao_shopcolumn`  [ RunTime:0.0000s ]
INFO: [ view_parse ] --START--
INFO: [ template_filter ] --START--
INFO: Run Behavior\ContentReplaceBehavior [ RunTime:0.000000s ]
INFO: [ template_filter ] --END-- [ RunTime:0.000000s ]
INFO: Run Behavior\ParseTemplateBehavior [ RunTime:0.006000s ]
INFO: [ view_parse ] --END-- [ RunTime:0.006000s ]
INFO: [ view_filter ] --START--
INFO: Run Behavior\WriteHtmlCacheBehavior [ RunTime:0.000000s ]
INFO: [ view_filter ] --END-- [ RunTime:0.000000s ]
INFO: [ app_end ] --START--
INFO: Run Behavior\ShowPageTraceBehavior [ RunTime:0.001000s ]
INFO: [ app_end ] --END-- [ RunTime:0.001000s ]

[ 2016-01-12T14:49:51+08:00 ] 127.0.0.1 /index.php?m=Admin&c=Webset&a=one&id=1
INFO: [ app_init ] --START--
INFO: Run Behavior\BuildLiteBehavior [ RunTime:0.000000s ]
INFO: [ app_init ] --END-- [ RunTime:0.000000s ]
INFO: [ app_begin ] --START--
INFO: Run Behavior\ReadHtmlCacheBehavior [ RunTime:0.000000s ]
INFO: [ app_begin ] --END-- [ RunTime:0.000000s ]
NOTIC: [2048] Declaration of Admin\Controller\CareController::show() should be compatible with Think\Controller::show($content, $charset = '', $contentType = '', $prefix = '') D:\www\taobao\Application\Admin\Controller\CareController.class.php 第 185 行.
SQL: SHOW COLUMNS FROM `taobao_menu` [ RunTime:0.0020s ]
SQL: SELECT * FROM `taobao_menu` WHERE `is_show` = 1 ORDER BY sort asc  [ RunTime:0.0000s ]
SQL: SELECT * FROM `taobao_menu` WHERE `controller` = 'Webset' LIMIT 1   [ RunTime:0.0000s ]
SQL: SELECT * FROM `taobao_menu` WHERE `id` = 1 LIMIT 1   [ RunTime:0.0000s ]
SQL: SHOW COLUMNS FROM `taobao_webset` [ RunTime:0.2170s ]
SQL: SELECT * FROM `taobao_webset` WHERE `id` = 1 LIMIT 1   [ RunTime:0.0010s ]
INFO: [ view_parse ] --START--
INFO: [ template_filter ] --START--
INFO: Run Behavior\ContentReplaceBehavior [ RunTime:0.000000s ]
INFO: [ template_filter ] --END-- [ RunTime:0.000000s ]
INFO: Run Behavior\ParseTemplateBehavior [ RunTime:0.156009s ]
INFO: [ view_parse ] --END-- [ RunTime:0.156009s ]
INFO: [ view_filter ] --START--
INFO: Run Behavior\WriteHtmlCacheBehavior [ RunTime:0.001000s ]
INFO: [ view_filter ] --END-- [ RunTime:0.001000s ]
INFO: [ app_end ] --START--
INFO: Run Behavior\ShowPageTraceBehavior [ RunTime:0.001000s ]
INFO: [ app_end ] --END-- [ RunTime:0.001000s ]

[ 2016-01-12T14:49:53+08:00 ] 127.0.0.1 /index.php?m=Admin&c=Shop&a=index
INFO: [ app_init ] --START--
INFO: Run Behavior\BuildLiteBehavior [ RunTime:0.000000s ]
INFO: [ app_init ] --END-- [ RunTime:0.000000s ]
INFO: [ app_begin ] --START--
INFO: Run Behavior\ReadHtmlCacheBehavior [ RunTime:0.000000s ]
INFO: [ app_begin ] --END-- [ RunTime:0.000000s ]
NOTIC: [2048] Declaration of Admin\Controller\CareController::show() should be compatible with Think\Controller::show($content, $charset = '', $contentType = '', $prefix = '') D:\www\taobao\Application\Admin\Controller\CareController.class.php 第 185 行.
SQL: SHOW COLUMNS FROM `taobao_menu` [ RunTime:0.0030s ]
SQL: SELECT * FROM `taobao_menu` WHERE `is_show` = 1 ORDER BY sort asc  [ RunTime:0.0000s ]
SQL: SELECT * FROM `taobao_menu` WHERE `controller` = 'Shop' LIMIT 1   [ RunTime:0.0010s ]
SQL: SELECT * FROM `taobao_menu` WHERE `id` = 1 LIMIT 1   [ RunTime:0.0000s ]
SQL: SHOW COLUMNS FROM `taobao_shop` [ RunTime:0.0020s ]
SQL: SELECT COUNT(*) AS tp_count FROM `taobao_shop` LIMIT 1   [ RunTime:0.0000s ]
SQL: SELECT * FROM `taobao_shop` ORDER BY id desc LIMIT 0,25   [ RunTime:0.0000s ]
INFO: [ view_parse ] --START--
INFO: [ template_filter ] --START--
INFO: Run Behavior\ContentReplaceBehavior [ RunTime:0.000000s ]
INFO: [ template_filter ] --END-- [ RunTime:0.000000s ]
INFO: Run Behavior\ParseTemplateBehavior [ RunTime:0.008001s ]
INFO: [ view_parse ] --END-- [ RunTime:0.008001s ]
INFO: [ view_filter ] --START--
INFO: Run Behavior\WriteHtmlCacheBehavior [ RunTime:0.000000s ]
INFO: [ view_filter ] --END-- [ RunTime:0.000000s ]
INFO: [ app_end ] --START--
INFO: Run Behavior\ShowPageTraceBehavior [ RunTime:0.001000s ]
INFO: [ app_end ] --END-- [ RunTime:0.001000s ]

[ 2016-01-12T14:49:57+08:00 ] 127.0.0.1 /index.php/Admin/Shop/one
INFO: [ app_init ] --START--
INFO: Run Behavior\BuildLiteBehavior [ RunTime:0.000000s ]
INFO: [ app_init ] --END-- [ RunTime:0.000000s ]
INFO: [ app_begin ] --START--
INFO: Run Behavior\ReadHtmlCacheBehavior [ RunTime:0.000000s ]
INFO: [ app_begin ] --END-- [ RunTime:0.000000s ]
NOTIC: [2048] Declaration of Admin\Controller\CareController::show() should be compatible with Think\Controller::show($content, $charset = '', $contentType = '', $prefix = '') D:\www\taobao\Application\Admin\Controller\CareController.class.php 第 185 行.
SQL: SHOW COLUMNS FROM `taobao_menu` [ RunTime:0.0000s ]
SQL: SELECT * FROM `taobao_menu` WHERE `is_show` = 1 ORDER BY sort asc  [ RunTime:0.0000s ]
SQL: SELECT * FROM `taobao_menu` WHERE `controller` = 'Shop' LIMIT 1   [ RunTime:0.0000s ]
SQL: SELECT * FROM `taobao_menu` WHERE `id` = 1 LIMIT 1   [ RunTime:0.0000s ]
SQL: SHOW COLUMNS FROM `taobao_shop` [ RunTime:0.0000s ]
NOTIC: [8] Undefined index: id D:\www\taobao\Application\Admin\Controller\CareController.class.php 第 65 行.
INFO: [ view_parse ] --START--
INFO: [ template_filter ] --START--
INFO: Run Behavior\ContentReplaceBehavior [ RunTime:0.000000s ]
INFO: [ template_filter ] --END-- [ RunTime:0.000000s ]
NOTIC: [8] Undefined variable: one D:\www\taobao\Application\Runtime\Cache\Admin\e3d713296c2036b6989e33e15cea3fcd.php 第 72 行.
NOTIC: [8] Undefined variable: one D:\www\taobao\Application\Runtime\Cache\Admin\e3d713296c2036b6989e33e15cea3fcd.php 第 76 行.
SQL: SHOW COLUMNS FROM `taobao_shopcolumn` [ RunTime:0.0166s ]
SQL: SELECT * FROM `taobao_shopcolumn` WHERE `sid` = 0  [ RunTime:0.0010s ]
SQL: SELECT * FROM `taobao_shopcolumn` WHERE `sid` = 1  [ RunTime:0.0000s ]
NOTIC: [8] Undefined variable: one D:\www\taobao\Application\Runtime\Cache\Admin\e3d713296c2036b6989e33e15cea3fcd.php 第 92 行.
SQL: SELECT * FROM `taobao_shopcolumn` WHERE `sid` = 2  [ RunTime:0.0000s ]
SQL: SELECT * FROM `taobao_shopcolumn` WHERE `sid` = 3  [ RunTime:0.0000s ]
SQL: SELECT * FROM `taobao_shopcolumn` WHERE `sid` = 4  [ RunTime:0.0000s ]
SQL: SELECT * FROM `taobao_shopcolumn` WHERE `sid` = 5  [ RunTime:0.0000s ]
SQL: SELECT * FROM `taobao_shopcolumn` WHERE `sid` = 6  [ RunTime:0.0000s ]
SQL: SELECT * FROM `taobao_shopcolumn` WHERE `sid` = 7  [ RunTime:0.0000s ]
SQL: SELECT * FROM `taobao_shopcolumn` WHERE `sid` = 8  [ RunTime:0.0000s ]
SQL: SELECT * FROM `taobao_shopcolumn` WHERE `sid` = 9  [ RunTime:0.0000s ]
SQL: SELECT * FROM `taobao_shopcolumn` WHERE `sid` = 10  [ RunTime:0.0000s ]
SQL: SELECT * FROM `taobao_shopcolumn` WHERE `sid` = 11  [ RunTime:0.0000s ]
SQL: SELECT * FROM `taobao_shopcolumn` WHERE `sid` = 12  [ RunTime:0.0000s ]
SQL: SELECT * FROM `taobao_shopcolumn` WHERE `sid` = 13  [ RunTime:0.0000s ]
SQL: SELECT * FROM `taobao_shopcolumn` WHERE `sid` = 14  [ RunTime:0.0000s ]
SQL: SELECT * FROM `taobao_shopcolumn` WHERE `sid` = 15  [ RunTime:0.0000s ]
NOTIC: [8] Undefined variable: one D:\www\taobao\Application\Runtime\Cache\Admin\e3d713296c2036b6989e33e15cea3fcd.php 第 101 行.
NOTIC: [8] Undefined variable: one D:\www\taobao\Application\Runtime\Cache\Admin\e3d713296c2036b6989e33e15cea3fcd.php 第 108 行.
NOTIC: [8] Undefined variable: one D:\www\taobao\Application\Runtime\Cache\Admin\e3d713296c2036b6989e33e15cea3fcd.php 第 114 行.
NOTIC: [8] Undefined variable: one D:\www\taobao\Application\Runtime\Cache\Admin\e3d713296c2036b6989e33e15cea3fcd.php 第 120 行.
NOTIC: [8] Undefined variable: one D:\www\taobao\Application\Runtime\Cache\Admin\e3d713296c2036b6989e33e15cea3fcd.php 第 135 行.
NOTIC: [8] Undefined variable: one D:\www\taobao\Application\Runtime\Cache\Admin\e3d713296c2036b6989e33e15cea3fcd.php 第 141 行.
NOTIC: [8] Undefined variable: one D:\www\taobao\Application\Runtime\Cache\Admin\e3d713296c2036b6989e33e15cea3fcd.php 第 148 行.
INFO: Run Behavior\ParseTemplateBehavior [ RunTime:0.033200s ]
INFO: [ view_parse ] --END-- [ RunTime:0.033200s ]
INFO: [ view_filter ] --START--
INFO: Run Behavior\WriteHtmlCacheBehavior [ RunTime:0.000000s ]
INFO: [ view_filter ] --END-- [ RunTime:0.000000s ]
INFO: [ app_end ] --START--
INFO: Run Behavior\ShowPageTraceBehavior [ RunTime:0.000000s ]
INFO: [ app_end ] --END-- [ RunTime:0.000000s ]

[ 2016-01-12T14:50:05+08:00 ] 127.0.0.1 /index.php/Admin/Shop/one
INFO: [ app_init ] --START--
INFO: Run Behavior\BuildLiteBehavior [ RunTime:0.000000s ]
INFO: [ app_init ] --END-- [ RunTime:0.000000s ]
INFO: [ app_begin ] --START--
INFO: Run Behavior\ReadHtmlCacheBehavior [ RunTime:0.000000s ]
INFO: [ app_begin ] --END-- [ RunTime:0.000000s ]
NOTIC: [2048] Declaration of Admin\Controller\CareController::show() should be compatible with Think\Controller::show($content, $charset = '', $contentType = '', $prefix = '') D:\www\taobao\Application\Admin\Controller\CareController.class.php 第 185 行.
SQL: SHOW COLUMNS FROM `taobao_menu` [ RunTime:0.0020s ]
SQL: SELECT * FROM `taobao_menu` WHERE `is_show` = 1 ORDER BY sort asc  [ RunTime:0.0000s ]
SQL: SELECT * FROM `taobao_menu` WHERE `controller` = 'Shop' LIMIT 1   [ RunTime:0.0000s ]
SQL: SELECT * FROM `taobao_menu` WHERE `id` = 1 LIMIT 1   [ RunTime:0.0000s ]
SQL: SHOW COLUMNS FROM `taobao_shop` [ RunTime:0.0020s ]
NOTIC: [8] Undefined index: id D:\www\taobao\Application\Admin\Controller\CareController.class.php 第 65 行.
INFO: [ view_parse ] --START--
INFO: [ template_filter ] --START--
INFO: Run Behavior\ContentReplaceBehavior [ RunTime:0.000000s ]
INFO: [ template_filter ] --END-- [ RunTime:0.000000s ]
NOTIC: [8] Undefined variable: one D:\www\taobao\Application\Runtime\Cache\Admin\e3d713296c2036b6989e33e15cea3fcd.php 第 72 行.
NOTIC: [8] Undefined variable: one D:\www\taobao\Application\Runtime\Cache\Admin\e3d713296c2036b6989e33e15cea3fcd.php 第 76 行.
SQL: SHOW COLUMNS FROM `taobao_shopcolumn` [ RunTime:0.0020s ]
SQL: SELECT * FROM `taobao_shopcolumn` WHERE `sid` = 0  [ RunTime:0.0000s ]
SQL: SELECT * FROM `taobao_shopcolumn` WHERE `sid` = 1  [ RunTime:0.0000s ]
NOTIC: [8] Undefined variable: one D:\www\taobao\Application\Runtime\Cache\Admin\e3d713296c2036b6989e33e15cea3fcd.php 第 92 行.
SQL: SELECT * FROM `taobao_shopcolumn` WHERE `sid` = 2  [ RunTime:0.0000s ]
SQL: SELECT * FROM `taobao_shopcolumn` WHERE `sid` = 3  [ RunTime:0.0010s ]
SQL: SELECT * FROM `taobao_shopcolumn` WHERE `sid` = 4  [ RunTime:0.0000s ]
SQL: SELECT * FROM `taobao_shopcolumn` WHERE `sid` = 5  [ RunTime:0.0000s ]
SQL: SELECT * FROM `taobao_shopcolumn` WHERE `sid` = 6  [ RunTime:0.0000s ]
SQL: SELECT * FROM `taobao_shopcolumn` WHERE `sid` = 7  [ RunTime:0.0010s ]
SQL: SELECT * FROM `taobao_shopcolumn` WHERE `sid` = 8  [ RunTime:0.0000s ]
SQL: SELECT * FROM `taobao_shopcolumn` WHERE `sid` = 9  [ RunTime:0.0000s ]
SQL: SELECT * FROM `taobao_shopcolumn` WHERE `sid` = 10  [ RunTime:0.0000s ]
SQL: SELECT * FROM `taobao_shopcolumn` WHERE `sid` = 11  [ RunTime:0.0000s ]
SQL: SELECT * FROM `taobao_shopcolumn` WHERE `sid` = 12  [ RunTime:0.0010s ]
SQL: SELECT * FROM `taobao_shopcolumn` WHERE `sid` = 13  [ RunTime:0.0000s ]
SQL: SELECT * FROM `taobao_shopcolumn` WHERE `sid` = 14  [ RunTime:0.0000s ]
SQL: SELECT * FROM `taobao_shopcolumn` WHERE `sid` = 15  [ RunTime:0.0000s ]
NOTIC: [8] Undefined variable: one D:\www\taobao\Application\Runtime\Cache\Admin\e3d713296c2036b6989e33e15cea3fcd.php 第 101 行.
NOTIC: [8] Undefined variable: one D:\www\taobao\Application\Runtime\Cache\Admin\e3d713296c2036b6989e33e15cea3fcd.php 第 108 行.
NOTIC: [8] Undefined variable: one D:\www\taobao\Application\Runtime\Cache\Admin\e3d713296c2036b6989e33e15cea3fcd.php 第 114 行.
NOTIC: [8] Undefined variable: one D:\www\taobao\Application\Runtime\Cache\Admin\e3d713296c2036b6989e33e15cea3fcd.php 第 120 行.
NOTIC: [8] Undefined variable: one D:\www\taobao\Application\Runtime\Cache\Admin\e3d713296c2036b6989e33e15cea3fcd.php 第 135 行.
NOTIC: [8] Undefined variable: one D:\www\taobao\Application\Runtime\Cache\Admin\e3d713296c2036b6989e33e15cea3fcd.php 第 141 行.
NOTIC: [8] Undefined variable: one D:\www\taobao\Application\Runtime\Cache\Admin\e3d713296c2036b6989e33e15cea3fcd.php 第 148 行.
INFO: Run Behavior\ParseTemplateBehavior [ RunTime:0.013001s ]
INFO: [ view_parse ] --END-- [ RunTime:0.013001s ]
INFO: [ view_filter ] --START--
INFO: Run Behavior\WriteHtmlCacheBehavior [ RunTime:0.000000s ]
INFO: [ view_filter ] --END-- [ RunTime:0.000000s ]
INFO: [ app_end ] --START--
INFO: Run Behavior\ShowPageTraceBehavior [ RunTime:0.001000s ]
INFO: [ app_end ] --END-- [ RunTime:0.001000s ]

[ 2016-01-12T14:51:30+08:00 ] 127.0.0.1 /index.php/Admin/Shop/one
INFO: [ app_init ] --START--
INFO: Run Behavior\BuildLiteBehavior [ RunTime:0.000000s ]
INFO: [ app_init ] --END-- [ RunTime:0.000000s ]
INFO: [ app_begin ] --START--
INFO: Run Behavior\ReadHtmlCacheBehavior [ RunTime:0.000000s ]
INFO: [ app_begin ] --END-- [ RunTime:0.000000s ]
NOTIC: [2048] Declaration of Admin\Controller\CareController::show() should be compatible with Think\Controller::show($content, $charset = '', $contentType = '', $prefix = '') D:\www\taobao\Application\Admin\Controller\CareController.class.php 第 185 行.
SQL: SHOW COLUMNS FROM `taobao_menu` [ RunTime:0.0020s ]
SQL: SELECT * FROM `taobao_menu` WHERE `is_show` = 1 ORDER BY sort asc  [ RunTime:0.0010s ]
SQL: SELECT * FROM `taobao_menu` WHERE `controller` = 'Shop' LIMIT 1   [ RunTime:0.0000s ]
SQL: SELECT * FROM `taobao_menu` WHERE `id` = 1 LIMIT 1   [ RunTime:0.0000s ]
SQL: SHOW COLUMNS FROM `taobao_shop` [ RunTime:0.0010s ]
NOTIC: [8] Undefined index: id D:\www\taobao\Application\Admin\Controller\CareController.class.php 第 65 行.
INFO: [ view_parse ] --START--
INFO: [ template_filter ] --START--
INFO: Run Behavior\ContentReplaceBehavior [ RunTime:0.000000s ]
INFO: [ template_filter ] --END-- [ RunTime:0.000000s ]
NOTIC: [8] Undefined variable: one D:\www\taobao\Application\Runtime\Cache\Admin\e3d713296c2036b6989e33e15cea3fcd.php 第 72 行.
NOTIC: [8] Undefined variable: one D:\www\taobao\Application\Runtime\Cache\Admin\e3d713296c2036b6989e33e15cea3fcd.php 第 76 行.
SQL: SHOW COLUMNS FROM `taobao_shopcolumn` [ RunTime:0.0020s ]
SQL: SELECT * FROM `taobao_shopcolumn` WHERE `sid` = 0  [ RunTime:0.0000s ]
SQL: SELECT * FROM `taobao_shopcolumn` WHERE `sid` = 1  [ RunTime:0.0000s ]
NOTIC: [8] Undefined variable: one D:\www\taobao\Application\Runtime\Cache\Admin\e3d713296c2036b6989e33e15cea3fcd.php 第 92 行.
SQL: SELECT * FROM `taobao_shopcolumn` WHERE `sid` = 2  [ RunTime:0.0000s ]
SQL: SELECT * FROM `taobao_shopcolumn` WHERE `sid` = 3  [ RunTime:0.0000s ]
SQL: SELECT * FROM `taobao_shopcolumn` WHERE `sid` = 4  [ RunTime:0.0000s ]
SQL: SELECT * FROM `taobao_shopcolumn` WHERE `sid` = 5  [ RunTime:0.0000s ]
SQL: SELECT * FROM `taobao_shopcolumn` WHERE `sid` = 6  [ RunTime:0.0000s ]
SQL: SELECT * FROM `taobao_shopcolumn` WHERE `sid` = 7  [ RunTime:0.0000s ]
SQL: SELECT * FROM `taobao_shopcolumn` WHERE `sid` = 8  [ RunTime:0.0000s ]
SQL: SELECT * FROM `taobao_shopcolumn` WHERE `sid` = 9  [ RunTime:0.0000s ]
SQL: SELECT * FROM `taobao_shopcolumn` WHERE `sid` = 10  [ RunTime:0.0000s ]
SQL: SELECT * FROM `taobao_shopcolumn` WHERE `sid` = 11  [ RunTime:0.0000s ]
SQL: SELECT * FROM `taobao_shopcolumn` WHERE `sid` = 12  [ RunTime:0.0000s ]
SQL: SELECT * FROM `taobao_shopcolumn` WHERE `sid` = 13  [ RunTime:0.0000s ]
SQL: SELECT * FROM `taobao_shopcolumn` WHERE `sid` = 14  [ RunTime:0.0000s ]
SQL: SELECT * FROM `taobao_shopcolumn` WHERE `sid` = 15  [ RunTime:0.0000s ]
NOTIC: [8] Undefined variable: one D:\www\taobao\Application\Runtime\Cache\Admin\e3d713296c2036b6989e33e15cea3fcd.php 第 101 行.
NOTIC: [8] Undefined variable: one D:\www\taobao\Application\Runtime\Cache\Admin\e3d713296c2036b6989e33e15cea3fcd.php 第 108 行.
NOTIC: [8] Undefined variable: one D:\www\taobao\Application\Runtime\Cache\Admin\e3d713296c2036b6989e33e15cea3fcd.php 第 114 行.
NOTIC: [8] Undefined variable: one D:\www\taobao\Application\Runtime\Cache\Admin\e3d713296c2036b6989e33e15cea3fcd.php 第 120 行.
NOTIC: [8] Undefined variable: one D:\www\taobao\Application\Runtime\Cache\Admin\e3d713296c2036b6989e33e15cea3fcd.php 第 135 行.
NOTIC: [8] Undefined variable: one D:\www\taobao\Application\Runtime\Cache\Admin\e3d713296c2036b6989e33e15cea3fcd.php 第 141 行.
NOTIC: [8] Undefined variable: one D:\www\taobao\Application\Runtime\Cache\Admin\e3d713296c2036b6989e33e15cea3fcd.php 第 148 行.
INFO: Run Behavior\ParseTemplateBehavior [ RunTime:0.012000s ]
INFO: [ view_parse ] --END-- [ RunTime:0.012000s ]
INFO: [ view_filter ] --START--
INFO: Run Behavior\WriteHtmlCacheBehavior [ RunTime:0.000000s ]
INFO: [ view_filter ] --END-- [ RunTime:0.000000s ]
INFO: [ app_end ] --START--
INFO: Run Behavior\ShowPageTraceBehavior [ RunTime:0.000000s ]
INFO: [ app_end ] --END-- [ RunTime:0.000000s ]

[ 2016-01-12T14:52:13+08:00 ] 127.0.0.1 /index.php/Admin/Shop/one
INFO: [ app_init ] --START--
INFO: Run Behavior\BuildLiteBehavior [ RunTime:0.000000s ]
INFO: [ app_init ] --END-- [ RunTime:0.000000s ]
INFO: [ app_begin ] --START--
INFO: Run Behavior\ReadHtmlCacheBehavior [ RunTime:0.000000s ]
INFO: [ app_begin ] --END-- [ RunTime:0.000000s ]
NOTIC: [2048] Declaration of Admin\Controller\CareController::show() should be compatible with Think\Controller::show($content, $charset = '', $contentType = '', $prefix = '') D:\www\taobao\Application\Admin\Controller\CareController.class.php 第 185 行.
SQL: SHOW COLUMNS FROM `taobao_menu` [ RunTime:0.0000s ]
SQL: SELECT * FROM `taobao_menu` WHERE `is_show` = 1 ORDER BY sort asc  [ RunTime:0.0000s ]
SQL: SELECT * FROM `taobao_menu` WHERE `controller` = 'Shop' LIMIT 1   [ RunTime:0.0000s ]
SQL: SELECT * FROM `taobao_menu` WHERE `id` = 1 LIMIT 1   [ RunTime:0.0000s ]
SQL: SHOW COLUMNS FROM `taobao_shop` [ RunTime:0.0000s ]
NOTIC: [8] Undefined index: id D:\www\taobao\Application\Admin\Controller\CareController.class.php 第 65 行.
INFO: [ view_parse ] --START--
INFO: [ template_filter ] --START--
INFO: Run Behavior\ContentReplaceBehavior [ RunTime:0.000000s ]
INFO: [ template_filter ] --END-- [ RunTime:0.000000s ]
NOTIC: [8] Undefined variable: one D:\www\taobao\Application\Runtime\Cache\Admin\e3d713296c2036b6989e33e15cea3fcd.php 第 72 行.
NOTIC: [8] Undefined variable: one D:\www\taobao\Application\Runtime\Cache\Admin\e3d713296c2036b6989e33e15cea3fcd.php 第 76 行.
SQL: SHOW COLUMNS FROM `taobao_shopcolumn` [ RunTime:0.0000s ]
SQL: SELECT * FROM `taobao_shopcolumn` WHERE `sid` = 0  [ RunTime:0.0000s ]
SQL: SELECT * FROM `taobao_shopcolumn` WHERE `sid` = 1  [ RunTime:0.0000s ]
NOTIC: [8] Undefined variable: one D:\www\taobao\Application\Runtime\Cache\Admin\e3d713296c2036b6989e33e15cea3fcd.php 第 92 行.
SQL: SELECT * FROM `taobao_shopcolumn` WHERE `sid` = 2  [ RunTime:0.0000s ]
SQL: SELECT * FROM `taobao_shopcolumn` WHERE `sid` = 3  [ RunTime:0.0000s ]
SQL: SELECT * FROM `taobao_shopcolumn` WHERE `sid` = 4  [ RunTime:0.0000s ]
SQL: SELECT * FROM `taobao_shopcolumn` WHERE `sid` = 5  [ RunTime:0.0156s ]
SQL: SELECT * FROM `taobao_shopcolumn` WHERE `sid` = 6  [ RunTime:0.0000s ]
SQL: SELECT * FROM `taobao_shopcolumn` WHERE `sid` = 7  [ RunTime:0.0000s ]
SQL: SELECT * FROM `taobao_shopcolumn` WHERE `sid` = 8  [ RunTime:0.0000s ]
SQL: SELECT * FROM `taobao_shopcolumn` WHERE `sid` = 9  [ RunTime:0.0000s ]
SQL: SELECT * FROM `taobao_shopcolumn` WHERE `sid` = 10  [ RunTime:0.0000s ]
SQL: SELECT * FROM `taobao_shopcolumn` WHERE `sid` = 11  [ RunTime:0.0000s ]
SQL: SELECT * FROM `taobao_shopcolumn` WHERE `sid` = 12  [ RunTime:0.0010s ]
SQL: SELECT * FROM `taobao_shopcolumn` WHERE `sid` = 13  [ RunTime:0.0000s ]
SQL: SELECT * FROM `taobao_shopcolumn` WHERE `sid` = 14  [ RunTime:0.0000s ]
SQL: SELECT * FROM `taobao_shopcolumn` WHERE `sid` = 15  [ RunTime:0.0000s ]
NOTIC: [8] Undefined variable: one D:\www\taobao\Application\Runtime\Cache\Admin\e3d713296c2036b6989e33e15cea3fcd.php 第 101 行.
NOTIC: [8] Undefined variable: one D:\www\taobao\Application\Runtime\Cache\Admin\e3d713296c2036b6989e33e15cea3fcd.php 第 108 行.
NOTIC: [8] Undefined variable: one D:\www\taobao\Application\Runtime\Cache\Admin\e3d713296c2036b6989e33e15cea3fcd.php 第 114 行.
NOTIC: [8] Undefined variable: one D:\www\taobao\Application\Runtime\Cache\Admin\e3d713296c2036b6989e33e15cea3fcd.php 第 120 行.
NOTIC: [8] Undefined variable: one D:\www\taobao\Application\Runtime\Cache\Admin\e3d713296c2036b6989e33e15cea3fcd.php 第 135 行.
NOTIC: [8] Undefined variable: one D:\www\taobao\Application\Runtime\Cache\Admin\e3d713296c2036b6989e33e15cea3fcd.php 第 141 行.
NOTIC: [8] Undefined variable: one D:\www\taobao\Application\Runtime\Cache\Admin\e3d713296c2036b6989e33e15cea3fcd.php 第 148 行.
INFO: Run Behavior\ParseTemplateBehavior [ RunTime:0.017600s ]
INFO: [ view_parse ] --END-- [ RunTime:0.017600s ]
INFO: [ view_filter ] --START--
INFO: Run Behavior\WriteHtmlCacheBehavior [ RunTime:0.001000s ]
INFO: [ view_filter ] --END-- [ RunTime:0.001000s ]
INFO: [ app_end ] --START--
INFO: Run Behavior\ShowPageTraceBehavior [ RunTime:0.000000s ]
INFO: [ app_end ] --END-- [ RunTime:0.000000s ]

[ 2016-01-12T14:52:39+08:00 ] 127.0.0.1 /index.php/Admin/Shop/one
INFO: [ app_init ] --START--
INFO: Run Behavior\BuildLiteBehavior [ RunTime:0.000000s ]
INFO: [ app_init ] --END-- [ RunTime:0.000000s ]
INFO: [ app_begin ] --START--
INFO: Run Behavior\ReadHtmlCacheBehavior [ RunTime:0.000000s ]
INFO: [ app_begin ] --END-- [ RunTime:0.000000s ]
NOTIC: [2048] Declaration of Admin\Controller\CareController::show() should be compatible with Think\Controller::show($content, $charset = '', $contentType = '', $prefix = '') D:\www\taobao\Application\Admin\Controller\CareController.class.php 第 185 行.
SQL: SHOW COLUMNS FROM `taobao_menu` [ RunTime:0.0020s ]
SQL: SELECT * FROM `taobao_menu` WHERE `is_show` = 1 ORDER BY sort asc  [ RunTime:0.0000s ]
SQL: SELECT * FROM `taobao_menu` WHERE `controller` = 'Shop' LIMIT 1   [ RunTime:0.0000s ]
SQL: SELECT * FROM `taobao_menu` WHERE `id` = 1 LIMIT 1   [ RunTime:0.0000s ]
SQL: SHOW COLUMNS FROM `taobao_shop` [ RunTime:0.0020s ]
NOTIC: [8] Undefined index: id D:\www\taobao\Application\Admin\Controller\CareController.class.php 第 65 行.
INFO: [ view_parse ] --START--
INFO: [ template_filter ] --START--
INFO: Run Behavior\ContentReplaceBehavior [ RunTime:0.000000s ]
INFO: [ template_filter ] --END-- [ RunTime:0.000000s ]
NOTIC: [8] Undefined variable: one D:\www\taobao\Application\Runtime\Cache\Admin\e3d713296c2036b6989e33e15cea3fcd.php 第 72 行.
NOTIC: [8] Undefined variable: one D:\www\taobao\Application\Runtime\Cache\Admin\e3d713296c2036b6989e33e15cea3fcd.php 第 76 行.
SQL: SHOW COLUMNS FROM `taobao_shopcolumn` [ RunTime:0.0020s ]
SQL: SELECT * FROM `taobao_shopcolumn` WHERE `sid` = 0  [ RunTime:0.0000s ]
SQL: SELECT * FROM `taobao_shopcolumn` WHERE `sid` = 1  [ RunTime:0.0000s ]
NOTIC: [8] Undefined variable: one D:\www\taobao\Application\Runtime\Cache\Admin\e3d713296c2036b6989e33e15cea3fcd.php 第 92 行.
SQL: SELECT * FROM `taobao_shopcolumn` WHERE `sid` = 2  [ RunTime:0.0000s ]
SQL: SELECT * FROM `taobao_shopcolumn` WHERE `sid` = 3  [ RunTime:0.0000s ]
SQL: SELECT * FROM `taobao_shopcolumn` WHERE `sid` = 4  [ RunTime:0.0000s ]
SQL: SELECT * FROM `taobao_shopcolumn` WHERE `sid` = 5  [ RunTime:0.0000s ]
SQL: SELECT * FROM `taobao_shopcolumn` WHERE `sid` = 6  [ RunTime:0.0010s ]
SQL: SELECT * FROM `taobao_shopcolumn` WHERE `sid` = 7  [ RunTime:0.0000s ]
SQL: SELECT * FROM `taobao_shopcolumn` WHERE `sid` = 8  [ RunTime:0.0000s ]
SQL: SELECT * FROM `taobao_shopcolumn` WHERE `sid` = 9  [ RunTime:0.0000s ]
SQL: SELECT * FROM `taobao_shopcolumn` WHERE `sid` = 10  [ RunTime:0.0000s ]
SQL: SELECT * FROM `taobao_shopcolumn` WHERE `sid` = 11  [ RunTime:0.0000s ]
SQL: SELECT * FROM `taobao_shopcolumn` WHERE `sid` = 12  [ RunTime:0.0010s ]
SQL: SELECT * FROM `taobao_shopcolumn` WHERE `sid` = 13  [ RunTime:0.0000s ]
SQL: SELECT * FROM `taobao_shopcolumn` WHERE `sid` = 14  [ RunTime:0.0000s ]
SQL: SELECT * FROM `taobao_shopcolumn` WHERE `sid` = 15  [ RunTime:0.0000s ]
NOTIC: [8] Undefined variable: one D:\www\taobao\Application\Runtime\Cache\Admin\e3d713296c2036b6989e33e15cea3fcd.php 第 101 行.
NOTIC: [8] Undefined variable: one D:\www\taobao\Application\Runtime\Cache\Admin\e3d713296c2036b6989e33e15cea3fcd.php 第 108 行.
NOTIC: [8] Undefined variable: one D:\www\taobao\Application\Runtime\Cache\Admin\e3d713296c2036b6989e33e15cea3fcd.php 第 114 行.
NOTIC: [8] Undefined variable: one D:\www\taobao\Application\Runtime\Cache\Admin\e3d713296c2036b6989e33e15cea3fcd.php 第 120 行.
NOTIC: [8] Undefined variable: one D:\www\taobao\Application\Runtime\Cache\Admin\e3d713296c2036b6989e33e15cea3fcd.php 第 135 行.
NOTIC: [8] Undefined variable: one D:\www\taobao\Application\Runtime\Cache\Admin\e3d713296c2036b6989e33e15cea3fcd.php 第 141 行.
NOTIC: [8] Undefined variable: one D:\www\taobao\Application\Runtime\Cache\Admin\e3d713296c2036b6989e33e15cea3fcd.php 第 148 行.
INFO: Run Behavior\ParseTemplateBehavior [ RunTime:0.012001s ]
INFO: [ view_parse ] --END-- [ RunTime:0.012001s ]
INFO: [ view_filter ] --START--
INFO: Run Behavior\WriteHtmlCacheBehavior [ RunTime:0.000000s ]
INFO: [ view_filter ] --END-- [ RunTime:0.000000s ]
INFO: [ app_end ] --START--
INFO: Run Behavior\ShowPageTraceBehavior [ RunTime:0.001000s ]
INFO: [ app_end ] --END-- [ RunTime:0.001000s ]

[ 2016-01-12T14:52:47+08:00 ] 127.0.0.1 /index.php/Admin/Shop/one
INFO: [ app_init ] --START--
INFO: Run Behavior\BuildLiteBehavior [ RunTime:0.000000s ]
INFO: [ app_init ] --END-- [ RunTime:0.000000s ]
INFO: [ app_begin ] --START--
INFO: Run Behavior\ReadHtmlCacheBehavior [ RunTime:0.000000s ]
INFO: [ app_begin ] --END-- [ RunTime:0.000000s ]
NOTIC: [2048] Declaration of Admin\Controller\CareController::show() should be compatible with Think\Controller::show($content, $charset = '', $contentType = '', $prefix = '') D:\www\taobao\Application\Admin\Controller\CareController.class.php 第 185 行.
SQL: SHOW COLUMNS FROM `taobao_menu` [ RunTime:0.0020s ]
SQL: SELECT * FROM `taobao_menu` WHERE `is_show` = 1 ORDER BY sort asc  [ RunTime:0.0000s ]
SQL: SELECT * FROM `taobao_menu` WHERE `controller` = 'Shop' LIMIT 1   [ RunTime:0.0000s ]
SQL: SELECT * FROM `taobao_menu` WHERE `id` = 1 LIMIT 1   [ RunTime:0.0010s ]
SQL: SHOW COLUMNS FROM `taobao_shop` [ RunTime:0.0010s ]
NOTIC: [8] Undefined index: id D:\www\taobao\Application\Admin\Controller\CareController.class.php 第 65 行.
INFO: [ view_parse ] --START--
INFO: [ template_filter ] --START--
INFO: Run Behavior\ContentReplaceBehavior [ RunTime:0.000000s ]
INFO: [ template_filter ] --END-- [ RunTime:0.000000s ]
NOTIC: [8] Undefined variable: one D:\www\taobao\Application\Runtime\Cache\Admin\e3d713296c2036b6989e33e15cea3fcd.php 第 72 行.
NOTIC: [8] Undefined variable: one D:\www\taobao\Application\Runtime\Cache\Admin\e3d713296c2036b6989e33e15cea3fcd.php 第 76 行.
SQL: SHOW COLUMNS FROM `taobao_shopcolumn` [ RunTime:0.0020s ]
SQL: SELECT * FROM `taobao_shopcolumn` WHERE `sid` = 0  [ RunTime:0.0000s ]
SQL: SELECT * FROM `taobao_shopcolumn` WHERE `sid` = 1  [ RunTime:0.0000s ]
NOTIC: [8] Undefined variable: one D:\www\taobao\Application\Runtime\Cache\Admin\e3d713296c2036b6989e33e15cea3fcd.php 第 92 行.
SQL: SELECT * FROM `taobao_shopcolumn` WHERE `sid` = 2  [ RunTime:0.0000s ]
SQL: SELECT * FROM `taobao_shopcolumn` WHERE `sid` = 3  [ RunTime:0.0010s ]
SQL: SELECT * FROM `taobao_shopcolumn` WHERE `sid` = 4  [ RunTime:0.0000s ]
SQL: SELECT * FROM `taobao_shopcolumn` WHERE `sid` = 5  [ RunTime:0.0000s ]
SQL: SELECT * FROM `taobao_shopcolumn` WHERE `sid` = 6  [ RunTime:0.0000s ]
SQL: SELECT * FROM `taobao_shopcolumn` WHERE `sid` = 7  [ RunTime:0.0000s ]
SQL: SELECT * FROM `taobao_shopcolumn` WHERE `sid` = 8  [ RunTime:0.0010s ]
SQL: SELECT * FROM `taobao_shopcolumn` WHERE `sid` = 9  [ RunTime:0.0000s ]
SQL: SELECT * FROM `taobao_shopcolumn` WHERE `sid` = 10  [ RunTime:0.0000s ]
SQL: SELECT * FROM `taobao_shopcolumn` WHERE `sid` = 11  [ RunTime:0.0000s ]
SQL: SELECT * FROM `taobao_shopcolumn` WHERE `sid` = 12  [ RunTime:0.0000s ]
SQL: SELECT * FROM `taobao_shopcolumn` WHERE `sid` = 13  [ RunTime:0.0000s ]
SQL: SELECT * FROM `taobao_shopcolumn` WHERE `sid` = 14  [ RunTime:0.0000s ]
SQL: SELECT * FROM `taobao_shopcolumn` WHERE `sid` = 15  [ RunTime:0.0000s ]
NOTIC: [8] Undefined variable: one D:\www\taobao\Application\Runtime\Cache\Admin\e3d713296c2036b6989e33e15cea3fcd.php 第 101 行.
NOTIC: [8] Undefined variable: one D:\www\taobao\Application\Runtime\Cache\Admin\e3d713296c2036b6989e33e15cea3fcd.php 第 108 行.
NOTIC: [8] Undefined variable: one D:\www\taobao\Application\Runtime\Cache\Admin\e3d713296c2036b6989e33e15cea3fcd.php 第 114 行.
NOTIC: [8] Undefined variable: one D:\www\taobao\Application\Runtime\Cache\Admin\e3d713296c2036b6989e33e15cea3fcd.php 第 120 行.
NOTIC: [8] Undefined variable: one D:\www\taobao\Application\Runtime\Cache\Admin\e3d713296c2036b6989e33e15cea3fcd.php 第 135 行.
NOTIC: [8] Undefined variable: one D:\www\taobao\Application\Runtime\Cache\Admin\e3d713296c2036b6989e33e15cea3fcd.php 第 141 行.
NOTIC: [8] Undefined variable: one D:\www\taobao\Application\Runtime\Cache\Admin\e3d713296c2036b6989e33e15cea3fcd.php 第 148 行.
INFO: Run Behavior\ParseTemplateBehavior [ RunTime:0.012001s ]
INFO: [ view_parse ] --END-- [ RunTime:0.012001s ]
INFO: [ view_filter ] --START--
INFO: Run Behavior\WriteHtmlCacheBehavior [ RunTime:0.000000s ]
INFO: [ view_filter ] --END-- [ RunTime:0.000000s ]
INFO: [ app_end ] --START--
INFO: Run Behavior\ShowPageTraceBehavior [ RunTime:0.001000s ]
INFO: [ app_end ] --END-- [ RunTime:0.001000s ]

[ 2016-01-12T14:52:52+08:00 ] 127.0.0.1 /index.php/Admin/Shop/one
INFO: [ app_init ] --START--
INFO: Run Behavior\BuildLiteBehavior [ RunTime:0.000000s ]
INFO: [ app_init ] --END-- [ RunTime:0.000000s ]
INFO: [ app_begin ] --START--
INFO: Run Behavior\ReadHtmlCacheBehavior [ RunTime:0.000000s ]
INFO: [ app_begin ] --END-- [ RunTime:0.000000s ]
NOTIC: [2048] Declaration of Admin\Controller\CareController::show() should be compatible with Think\Controller::show($content, $charset = '', $contentType = '', $prefix = '') D:\www\taobao\Application\Admin\Controller\CareController.class.php 第 185 行.
SQL: SHOW COLUMNS FROM `taobao_menu` [ RunTime:0.0020s ]
SQL: SELECT * FROM `taobao_menu` WHERE `is_show` = 1 ORDER BY sort asc  [ RunTime:0.0010s ]
SQL: SELECT * FROM `taobao_menu` WHERE `controller` = 'Shop' LIMIT 1   [ RunTime:0.0000s ]
SQL: SELECT * FROM `taobao_menu` WHERE `id` = 1 LIMIT 1   [ RunTime:0.0000s ]
SQL: SHOW COLUMNS FROM `taobao_shop` [ RunTime:0.0020s ]
NOTIC: [8] Undefined index: id D:\www\taobao\Application\Admin\Controller\CareController.class.php 第 65 行.
INFO: [ view_parse ] --START--
INFO: [ template_filter ] --START--
INFO: Run Behavior\ContentReplaceBehavior [ RunTime:0.000000s ]
INFO: [ template_filter ] --END-- [ RunTime:0.000000s ]
NOTIC: [8] Undefined variable: one D:\www\taobao\Application\Runtime\Cache\Admin\e3d713296c2036b6989e33e15cea3fcd.php 第 72 行.
NOTIC: [8] Undefined variable: one D:\www\taobao\Application\Runtime\Cache\Admin\e3d713296c2036b6989e33e15cea3fcd.php 第 76 行.
SQL: SHOW COLUMNS FROM `taobao_shopcolumn` [ RunTime:0.0010s ]
SQL: SELECT * FROM `taobao_shopcolumn` WHERE `sid` = 0  [ RunTime:0.0000s ]
SQL: SELECT * FROM `taobao_shopcolumn` WHERE `sid` = 1  [ RunTime:0.0000s ]
NOTIC: [8] Undefined variable: one D:\www\taobao\Application\Runtime\Cache\Admin\e3d713296c2036b6989e33e15cea3fcd.php 第 92 行.
SQL: SELECT * FROM `taobao_shopcolumn` WHERE `sid` = 2  [ RunTime:0.0000s ]
SQL: SELECT * FROM `taobao_shopcolumn` WHERE `sid` = 3  [ RunTime:0.0000s ]
SQL: SELECT * FROM `taobao_shopcolumn` WHERE `sid` = 4  [ RunTime:0.0010s ]
SQL: SELECT * FROM `taobao_shopcolumn` WHERE `sid` = 5  [ RunTime:0.0000s ]
SQL: SELECT * FROM `taobao_shopcolumn` WHERE `sid` = 6  [ RunTime:0.0000s ]
SQL: SELECT * FROM `taobao_shopcolumn` WHERE `sid` = 7  [ RunTime:0.0000s ]
SQL: SELECT * FROM `taobao_shopcolumn` WHERE `sid` = 8  [ RunTime:0.0000s ]
SQL: SELECT * FROM `taobao_shopcolumn` WHERE `sid` = 9  [ RunTime:0.0010s ]
SQL: SELECT * FROM `taobao_shopcolumn` WHERE `sid` = 10  [ RunTime:0.0000s ]
SQL: SELECT * FROM `taobao_shopcolumn` WHERE `sid` = 11  [ RunTime:0.0000s ]
SQL: SELECT * FROM `taobao_shopcolumn` WHERE `sid` = 12  [ RunTime:0.0000s ]
SQL: SELECT * FROM `taobao_shopcolumn` WHERE `sid` = 13  [ RunTime:0.0000s ]
SQL: SELECT * FROM `taobao_shopcolumn` WHERE `sid` = 14  [ RunTime:0.0000s ]
SQL: SELECT * FROM `taobao_shopcolumn` WHERE `sid` = 15  [ RunTime:0.0000s ]
NOTIC: [8] Undefined variable: one D:\www\taobao\Application\Runtime\Cache\Admin\e3d713296c2036b6989e33e15cea3fcd.php 第 101 行.
NOTIC: [8] Undefined variable: one D:\www\taobao\Application\Runtime\Cache\Admin\e3d713296c2036b6989e33e15cea3fcd.php 第 108 行.
NOTIC: [8] Undefined variable: one D:\www\taobao\Application\Runtime\Cache\Admin\e3d713296c2036b6989e33e15cea3fcd.php 第 114 行.
NOTIC: [8] Undefined variable: one D:\www\taobao\Application\Runtime\Cache\Admin\e3d713296c2036b6989e33e15cea3fcd.php 第 120 行.
NOTIC: [8] Undefined variable: one D:\www\taobao\Application\Runtime\Cache\Admin\e3d713296c2036b6989e33e15cea3fcd.php 第 135 行.
NOTIC: [8] Undefined variable: one D:\www\taobao\Application\Runtime\Cache\Admin\e3d713296c2036b6989e33e15cea3fcd.php 第 141 行.
NOTIC: [8] Undefined variable: one D:\www\taobao\Application\Runtime\Cache\Admin\e3d713296c2036b6989e33e15cea3fcd.php 第 148 行.
INFO: Run Behavior\ParseTemplateBehavior [ RunTime:0.013001s ]
INFO: [ view_parse ] --END-- [ RunTime:0.013001s ]
INFO: [ view_filter ] --START--
INFO: Run Behavior\WriteHtmlCacheBehavior [ RunTime:0.000000s ]
INFO: [ view_filter ] --END-- [ RunTime:0.000000s ]
INFO: [ app_end ] --START--
INFO: Run Behavior\ShowPageTraceBehavior [ RunTime:0.000000s ]
INFO: [ app_end ] --END-- [ RunTime:0.000000s ]

[ 2016-01-12T14:53:12+08:00 ] 127.0.0.1 /index.php?m=Admin&c=Shopcolumn&a=index
INFO: [ app_init ] --START--
INFO: Run Behavior\BuildLiteBehavior [ RunTime:0.000000s ]
INFO: [ app_init ] --END-- [ RunTime:0.000000s ]
INFO: [ app_begin ] --START--
INFO: Run Behavior\ReadHtmlCacheBehavior [ RunTime:0.000000s ]
INFO: [ app_begin ] --END-- [ RunTime:0.000000s ]
NOTIC: [2048] Declaration of Admin\Controller\CareController::show() should be compatible with Think\Controller::show($content, $charset = '', $contentType = '', $prefix = '') D:\www\taobao\Application\Admin\Controller\CareController.class.php 第 185 行.
SQL: SHOW COLUMNS FROM `taobao_menu` [ RunTime:0.0020s ]
SQL: SELECT * FROM `taobao_menu` WHERE `is_show` = 1 ORDER BY sort asc  [ RunTime:0.0000s ]
SQL: SELECT * FROM `taobao_menu` WHERE `controller` = 'Shopcolumn' LIMIT 1   [ RunTime:0.0010s ]
SQL: SELECT * FROM `taobao_menu` WHERE `id` = 1 LIMIT 1   [ RunTime:0.0000s ]
SQL: SHOW COLUMNS FROM `taobao_shopcolumn` [ RunTime:0.0020s ]
SQL: SELECT * FROM `taobao_shopcolumn`  [ RunTime:0.0000s ]
INFO: [ view_parse ] --START--
INFO: [ template_filter ] --START--
INFO: Run Behavior\ContentReplaceBehavior [ RunTime:0.000000s ]
INFO: [ template_filter ] --END-- [ RunTime:0.000000s ]
INFO: Run Behavior\ParseTemplateBehavior [ RunTime:0.007000s ]
INFO: [ view_parse ] --END-- [ RunTime:0.007000s ]
INFO: [ view_filter ] --START--
INFO: Run Behavior\WriteHtmlCacheBehavior [ RunTime:0.000000s ]
INFO: [ view_filter ] --END-- [ RunTime:0.000000s ]
INFO: [ app_end ] --START--
INFO: Run Behavior\ShowPageTraceBehavior [ RunTime:0.000000s ]
INFO: [ app_end ] --END-- [ RunTime:0.000000s ]

[ 2016-01-12T14:53:40+08:00 ] 127.0.0.1 /index.php?m=Admin&c=Shopcolumn&a=index
INFO: [ app_init ] --START--
INFO: Run Behavior\BuildLiteBehavior [ RunTime:0.000000s ]
INFO: [ app_init ] --END-- [ RunTime:0.000000s ]
INFO: [ app_begin ] --START--
INFO: Run Behavior\ReadHtmlCacheBehavior [ RunTime:0.000000s ]
INFO: [ app_begin ] --END-- [ RunTime:0.000000s ]
NOTIC: [2048] Declaration of Admin\Controller\CareController::show() should be compatible with Think\Controller::show($content, $charset = '', $contentType = '', $prefix = '') D:\www\taobao\Application\Admin\Controller\CareController.class.php 第 185 行.
SQL: SHOW COLUMNS FROM `taobao_menu` [ RunTime:0.0020s ]
SQL: SELECT * FROM `taobao_menu` WHERE `is_show` = 1 ORDER BY sort asc  [ RunTime:0.0000s ]
SQL: SELECT * FROM `taobao_menu` WHERE `controller` = 'Shopcolumn' LIMIT 1   [ RunTime:0.0010s ]
SQL: SELECT * FROM `taobao_menu` WHERE `id` = 1 LIMIT 1   [ RunTime:0.0000s ]
SQL: SHOW COLUMNS FROM `taobao_shopcolumn` [ RunTime:0.0020s ]
SQL: SELECT * FROM `taobao_shopcolumn`  [ RunTime:0.0000s ]
INFO: [ view_parse ] --START--
INFO: [ template_filter ] --START--
INFO: Run Behavior\ContentReplaceBehavior [ RunTime:0.000000s ]
INFO: [ template_filter ] --END-- [ RunTime:0.000000s ]
INFO: Run Behavior\ParseTemplateBehavior [ RunTime:0.007001s ]
INFO: [ view_parse ] --END-- [ RunTime:0.007001s ]
INFO: [ view_filter ] --START--
INFO: Run Behavior\WriteHtmlCacheBehavior [ RunTime:0.000000s ]
INFO: [ view_filter ] --END-- [ RunTime:0.000000s ]
INFO: [ app_end ] --START--
INFO: Run Behavior\ShowPageTraceBehavior [ RunTime:0.000000s ]
INFO: [ app_end ] --END-- [ RunTime:0.000000s ]

[ 2016-01-12T14:53:47+08:00 ] 127.0.0.1 /index.php?m=Admin&c=Shopcolumn&a=index
INFO: [ app_init ] --START--
INFO: Run Behavior\BuildLiteBehavior [ RunTime:0.000000s ]
INFO: [ app_init ] --END-- [ RunTime:0.000000s ]
INFO: [ app_begin ] --START--
INFO: Run Behavior\ReadHtmlCacheBehavior [ RunTime:0.000000s ]
INFO: [ app_begin ] --END-- [ RunTime:0.000000s ]
NOTIC: [2048] Declaration of Admin\Controller\CareController::show() should be compatible with Think\Controller::show($content, $charset = '', $contentType = '', $prefix = '') D:\www\taobao\Application\Admin\Controller\CareController.class.php 第 185 行.
SQL: SHOW COLUMNS FROM `taobao_menu` [ RunTime:0.0020s ]
SQL: SELECT * FROM `taobao_menu` WHERE `is_show` = 1 ORDER BY sort asc  [ RunTime:0.0000s ]
SQL: SELECT * FROM `taobao_menu` WHERE `controller` = 'Shopcolumn' LIMIT 1   [ RunTime:0.0000s ]
SQL: SELECT * FROM `taobao_menu` WHERE `id` = 1 LIMIT 1   [ RunTime:0.0000s ]
SQL: SHOW COLUMNS FROM `taobao_shopcolumn` [ RunTime:0.0020s ]
SQL: SELECT * FROM `taobao_shopcolumn`  [ RunTime:0.0000s ]
INFO: [ view_parse ] --START--
INFO: [ template_filter ] --START--
INFO: Run Behavior\ContentReplaceBehavior [ RunTime:0.000000s ]
INFO: [ template_filter ] --END-- [ RunTime:0.000000s ]
INFO: Run Behavior\ParseTemplateBehavior [ RunTime:0.006001s ]
INFO: [ view_parse ] --END-- [ RunTime:0.006001s ]
INFO: [ view_filter ] --START--
INFO: Run Behavior\WriteHtmlCacheBehavior [ RunTime:0.000000s ]
INFO: [ view_filter ] --END-- [ RunTime:0.000000s ]
INFO: [ app_end ] --START--
INFO: Run Behavior\ShowPageTraceBehavior [ RunTime:0.000000s ]
INFO: [ app_end ] --END-- [ RunTime:0.001000s ]

[ 2016-01-12T14:53:53+08:00 ] 127.0.0.1 /index.php?m=Admin&c=Shopcolumn&a=index
INFO: [ app_init ] --START--
INFO: Run Behavior\BuildLiteBehavior [ RunTime:0.000000s ]
INFO: [ app_init ] --END-- [ RunTime:0.000000s ]
INFO: [ app_begin ] --START--
INFO: Run Behavior\ReadHtmlCacheBehavior [ RunTime:0.000000s ]
INFO: [ app_begin ] --END-- [ RunTime:0.000000s ]
NOTIC: [2048] Declaration of Admin\Controller\CareController::show() should be compatible with Think\Controller::show($content, $charset = '', $contentType = '', $prefix = '') D:\www\taobao\Application\Admin\Controller\CareController.class.php 第 185 行.
SQL: SHOW COLUMNS FROM `taobao_menu` [ RunTime:0.0020s ]
SQL: SELECT * FROM `taobao_menu` WHERE `is_show` = 1 ORDER BY sort asc  [ RunTime:0.0000s ]
SQL: SELECT * FROM `taobao_menu` WHERE `controller` = 'Shopcolumn' LIMIT 1   [ RunTime:0.0000s ]
SQL: SELECT * FROM `taobao_menu` WHERE `id` = 1 LIMIT 1   [ RunTime:0.0010s ]
SQL: SHOW COLUMNS FROM `taobao_shopcolumn` [ RunTime:0.0010s ]
SQL: SELECT * FROM `taobao_shopcolumn`  [ RunTime:0.0000s ]
INFO: [ view_parse ] --START--
INFO: [ template_filter ] --START--
INFO: Run Behavior\ContentReplaceBehavior [ RunTime:0.000000s ]
INFO: [ template_filter ] --END-- [ RunTime:0.000000s ]
INFO: Run Behavior\ParseTemplateBehavior [ RunTime:0.006000s ]
INFO: [ view_parse ] --END-- [ RunTime:0.007000s ]
INFO: [ view_filter ] --START--
INFO: Run Behavior\WriteHtmlCacheBehavior [ RunTime:0.000000s ]
INFO: [ view_filter ] --END-- [ RunTime:0.000000s ]
INFO: [ app_end ] --START--
INFO: Run Behavior\ShowPageTraceBehavior [ RunTime:0.000000s ]
INFO: [ app_end ] --END-- [ RunTime:0.000000s ]

[ 2016-01-12T14:54:12+08:00 ] 127.0.0.1 /index.php?m=Admin&c=Shopcolumn&a=index
INFO: [ app_init ] --START--
INFO: Run Behavior\BuildLiteBehavior [ RunTime:0.000000s ]
INFO: [ app_init ] --END-- [ RunTime:0.000000s ]
INFO: [ app_begin ] --START--
INFO: Run Behavior\ReadHtmlCacheBehavior [ RunTime:0.000000s ]
INFO: [ app_begin ] --END-- [ RunTime:0.000000s ]
NOTIC: [2048] Declaration of Admin\Controller\CareController::show() should be compatible with Think\Controller::show($content, $charset = '', $contentType = '', $prefix = '') D:\www\taobao\Application\Admin\Controller\CareController.class.php 第 185 行.
SQL: SHOW COLUMNS FROM `taobao_menu` [ RunTime:0.0020s ]
SQL: SELECT * FROM `taobao_menu` WHERE `is_show` = 1 ORDER BY sort asc  [ RunTime:0.0010s ]
SQL: SELECT * FROM `taobao_menu` WHERE `controller` = 'Shopcolumn' LIMIT 1   [ RunTime:0.0000s ]
SQL: SELECT * FROM `taobao_menu` WHERE `id` = 1 LIMIT 1   [ RunTime:0.0000s ]
SQL: SHOW COLUMNS FROM `taobao_shopcolumn` [ RunTime:0.0010s ]
SQL: SELECT * FROM `taobao_shopcolumn`  [ RunTime:0.0000s ]
INFO: [ view_parse ] --START--
INFO: [ template_filter ] --START--
INFO: Run Behavior\ContentReplaceBehavior [ RunTime:0.000000s ]
INFO: [ template_filter ] --END-- [ RunTime:0.000000s ]
INFO: Run Behavior\ParseTemplateBehavior [ RunTime:0.007000s ]
INFO: [ view_parse ] --END-- [ RunTime:0.007000s ]
INFO: [ view_filter ] --START--
INFO: Run Behavior\WriteHtmlCacheBehavior [ RunTime:0.000000s ]
INFO: [ view_filter ] --END-- [ RunTime:0.000000s ]
INFO: [ app_end ] --START--
INFO: Run Behavior\ShowPageTraceBehavior [ RunTime:0.000000s ]
INFO: [ app_end ] --END-- [ RunTime:0.000000s ]

[ 2016-01-12T14:54:18+08:00 ] 127.0.0.1 /index.php?m=Admin&c=Shopcolumn&a=index
INFO: [ app_init ] --START--
INFO: Run Behavior\BuildLiteBehavior [ RunTime:0.000000s ]
INFO: [ app_init ] --END-- [ RunTime:0.000000s ]
INFO: [ app_begin ] --START--
INFO: Run Behavior\ReadHtmlCacheBehavior [ RunTime:0.000000s ]
INFO: [ app_begin ] --END-- [ RunTime:0.000000s ]
NOTIC: [2048] Declaration of Admin\Controller\CareController::show() should be compatible with Think\Controller::show($content, $charset = '', $contentType = '', $prefix = '') D:\www\taobao\Application\Admin\Controller\CareController.class.php 第 185 行.
SQL: SHOW COLUMNS FROM `taobao_menu` [ RunTime:0.0020s ]
SQL: SELECT * FROM `taobao_menu` WHERE `is_show` = 1 ORDER BY sort asc  [ RunTime:0.0000s ]
SQL: SELECT * FROM `taobao_menu` WHERE `controller` = 'Shopcolumn' LIMIT 1   [ RunTime:0.0010s ]
SQL: SELECT * FROM `taobao_menu` WHERE `id` = 1 LIMIT 1   [ RunTime:0.0000s ]
SQL: SHOW COLUMNS FROM `taobao_shopcolumn` [ RunTime:0.0020s ]
SQL: SELECT * FROM `taobao_shopcolumn`  [ RunTime:0.0000s ]
INFO: [ view_parse ] --START--
INFO: [ template_filter ] --START--
INFO: Run Behavior\ContentReplaceBehavior [ RunTime:0.000000s ]
INFO: [ template_filter ] --END-- [ RunTime:0.000000s ]
INFO: Run Behavior\ParseTemplateBehavior [ RunTime:0.006001s ]
INFO: [ view_parse ] --END-- [ RunTime:0.006001s ]
INFO: [ view_filter ] --START--
INFO: Run Behavior\WriteHtmlCacheBehavior [ RunTime:0.001000s ]
INFO: [ view_filter ] --END-- [ RunTime:0.001000s ]
INFO: [ app_end ] --START--
INFO: Run Behavior\ShowPageTraceBehavior [ RunTime:0.000000s ]
INFO: [ app_end ] --END-- [ RunTime:0.000000s ]

[ 2016-01-12T14:54:49+08:00 ] 127.0.0.1 /index.php?m=Admin&c=Shopcolumn&a=index
INFO: [ app_init ] --START--
INFO: Run Behavior\BuildLiteBehavior [ RunTime:0.000000s ]
INFO: [ app_init ] --END-- [ RunTime:0.000000s ]
INFO: [ app_begin ] --START--
INFO: Run Behavior\ReadHtmlCacheBehavior [ RunTime:0.000000s ]
INFO: [ app_begin ] --END-- [ RunTime:0.000000s ]
NOTIC: [2048] Declaration of Admin\Controller\CareController::show() should be compatible with Think\Controller::show($content, $charset = '', $contentType = '', $prefix = '') D:\www\taobao\Application\Admin\Controller\CareController.class.php 第 185 行.
SQL: SHOW COLUMNS FROM `taobao_menu` [ RunTime:0.0020s ]
SQL: SELECT * FROM `taobao_menu` WHERE `is_show` = 1 ORDER BY sort asc  [ RunTime:0.0000s ]
SQL: SELECT * FROM `taobao_menu` WHERE `controller` = 'Shopcolumn' LIMIT 1   [ RunTime:0.0000s ]
SQL: SELECT * FROM `taobao_menu` WHERE `id` = 1 LIMIT 1   [ RunTime:0.0010s ]
SQL: SHOW COLUMNS FROM `taobao_shopcolumn` [ RunTime:0.0020s ]
SQL: SELECT * FROM `taobao_shopcolumn`  [ RunTime:0.0000s ]
INFO: [ view_parse ] --START--
INFO: [ template_filter ] --START--
INFO: Run Behavior\ContentReplaceBehavior [ RunTime:0.000000s ]
INFO: [ template_filter ] --END-- [ RunTime:0.000000s ]
INFO: Run Behavior\ParseTemplateBehavior [ RunTime:0.006000s ]
INFO: [ view_parse ] --END-- [ RunTime:0.006000s ]
INFO: [ view_filter ] --START--
INFO: Run Behavior\WriteHtmlCacheBehavior [ RunTime:0.000000s ]
INFO: [ view_filter ] --END-- [ RunTime:0.000000s ]
INFO: [ app_end ] --START--
INFO: Run Behavior\ShowPageTraceBehavior [ RunTime:0.001000s ]
INFO: [ app_end ] --END-- [ RunTime:0.001000s ]

[ 2016-01-12T14:54:56+08:00 ] 127.0.0.1 /index.php?m=Admin&c=Shopcolumn&a=index
INFO: [ app_init ] --START--
INFO: Run Behavior\BuildLiteBehavior [ RunTime:0.000000s ]
INFO: [ app_init ] --END-- [ RunTime:0.000000s ]
INFO: [ app_begin ] --START--
INFO: Run Behavior\ReadHtmlCacheBehavior [ RunTime:0.000000s ]
INFO: [ app_begin ] --END-- [ RunTime:0.000000s ]
NOTIC: [2048] Declaration of Admin\Controller\CareController::show() should be compatible with Think\Controller::show($content, $charset = '', $contentType = '', $prefix = '') D:\www\taobao\Application\Admin\Controller\CareController.class.php 第 185 行.
SQL: SHOW COLUMNS FROM `taobao_menu` [ RunTime:0.0020s ]
SQL: SELECT * FROM `taobao_menu` WHERE `is_show` = 1 ORDER BY sort asc  [ RunTime:0.0000s ]
SQL: SELECT * FROM `taobao_menu` WHERE `controller` = 'Shopcolumn' LIMIT 1   [ RunTime:0.0000s ]
SQL: SELECT * FROM `taobao_menu` WHERE `id` = 1 LIMIT 1   [ RunTime:0.0010s ]
SQL: SHOW COLUMNS FROM `taobao_shopcolumn` [ RunTime:0.0010s ]
SQL: SELECT * FROM `taobao_shopcolumn`  [ RunTime:0.0000s ]
INFO: [ view_parse ] --START--
INFO: [ template_filter ] --START--
INFO: Run Behavior\ContentReplaceBehavior [ RunTime:0.000000s ]
INFO: [ template_filter ] --END-- [ RunTime:0.000000s ]
INFO: Run Behavior\ParseTemplateBehavior [ RunTime:0.006000s ]
INFO: [ view_parse ] --END-- [ RunTime:0.006000s ]
INFO: [ view_filter ] --START--
INFO: Run Behavior\WriteHtmlCacheBehavior [ RunTime:0.000000s ]
INFO: [ view_filter ] --END-- [ RunTime:0.000000s ]
INFO: [ app_end ] --START--
INFO: Run Behavior\ShowPageTraceBehavior [ RunTime:0.001000s ]
INFO: [ app_end ] --END-- [ RunTime:0.001000s ]

[ 2016-01-12T15:46:21+08:00 ] 127.0.0.1 /index.php?m=admin
INFO: [ app_init ] --START--
INFO: Run Behavior\BuildLiteBehavior [ RunTime:0.000000s ]
INFO: [ app_init ] --END-- [ RunTime:0.000000s ]
INFO: [ app_begin ] --START--
INFO: Run Behavior\ReadHtmlCacheBehavior [ RunTime:0.001000s ]
INFO: [ app_begin ] --END-- [ RunTime:0.001000s ]
NOTIC: [2048] Declaration of Admin\Controller\CareController::show() should be compatible with Think\Controller::show($content, $charset = '', $contentType = '', $prefix = '') D:\www\taobao\Application\Admin\Controller\CareController.class.php 第 185 行.
SQL: SHOW COLUMNS FROM `taobao_menu` [ RunTime:0.0030s ]
SQL: SELECT * FROM `taobao_menu` WHERE `is_show` = 1 ORDER BY sort asc  [ RunTime:0.0000s ]
SQL: SELECT * FROM `taobao_menu` WHERE `controller` = 'Index' LIMIT 1   [ RunTime:0.0010s ]
SQL: SELECT * FROM `taobao_menu` WHERE `is_show` = 1 ORDER BY sort asc  [ RunTime:0.0000s ]
INFO: [ view_parse ] --START--
INFO: [ template_filter ] --START--
INFO: Run Behavior\ContentReplaceBehavior [ RunTime:0.000000s ]
INFO: [ template_filter ] --END-- [ RunTime:0.000000s ]
INFO: Run Behavior\ParseTemplateBehavior [ RunTime:0.019001s ]
INFO: [ view_parse ] --END-- [ RunTime:0.019001s ]
INFO: [ view_filter ] --START--
INFO: Run Behavior\WriteHtmlCacheBehavior [ RunTime:0.001000s ]
INFO: [ view_filter ] --END-- [ RunTime:0.001000s ]
INFO: [ app_end ] --START--
INFO: Run Behavior\ShowPageTraceBehavior [ RunTime:0.000000s ]
INFO: [ app_end ] --END-- [ RunTime:0.000000s ]

